[38;5;0m[HTTP][0m [37m-->[39m [37mPOST[39m [37m/session[39m
[38;5;0m[HTTP][0m [90m{"capabilities":{"alwaysMatch":{"platformName":"Android","appium:options":{"noReset":true,"fullReset":false,"automationName":"UiAutomator2","deviceName":"emulator-5554","commandTimeout":"7200","app":"/Users/sonutitus/Downloads/Android-MyDemoAppRN.1.2.0.build-231.apk","appPackage":"com.saucelabs.mydemoapp.rn","appActivity":"com.saucelabs.mydemoapp.rn.MainActivity","chromeOptions":{"args":["--no-managed-user-acknowledgment-check","--no-user-gesture-required","--oobe-force-show-screen ⊗"]}}},"firstMatch":[{}]},"desiredCapabilities":{"platformName":"Android","appium:options":{"noReset":true,"fullReset":false,"automationName":"UiAutomator2","deviceName":"emulator-5554","commandTimeout":"7200","app":"/Users/sonutitus/Downloads/Android-MyDemoAppRN.1.2.0.build-231.apk","appPackage":"com.saucelabs.mydemoapp.rn","appActivity":"com.saucelabs.mydemoapp.rn.MainActivity","chromeOptions":{"args":["--no-managed-user-acknowledgment-check","--no-user-gesture-required","--oobe-force-show-screen ⊗"]}}}}[39m
[38;5;16m[AppiumDriver@1d2b][0m Calling AppiumDriver.createSession() with args: [{"platformName":"Android","appium:options":{"noReset":true,"fullReset":false,"automationName":"UiAutomator2","deviceName":"emulator-5554","commandTimeout":"7200","app":"/Users/sonutitus/Downloads/Android-MyDemoAppRN.1.2.0.build-231.apk","appPackage":"com.saucelabs.mydemoapp.rn","appActivity":"com.saucelabs.mydemoapp.rn.MainActivity","chromeOptions":{"args":["--no-managed-user-acknowledgment-check","--no-user-gesture-required","--oobe-force-show-screen ⊗"]}}},null,{"alwaysMatch":{"platformName":"Android","appium:options":{"noReset":true,"fullReset":false,"automationName":"UiAutomator2","deviceName":"emulator-5554","commandTimeout":"7200","app":"/Users/sonutitus/Downloads/Android-MyDemoAppRN.1.2.0.build-231.apk","appPackage":"com.saucelabs.mydemoapp.rn","appActivity":"com.saucelabs.mydemoapp.rn.MainActivity","chromeOptions":{"args":["--no-managed-user-acknowledgment-check","--no-user-gesture-required","--oobe-force-show-screen ⊗"]}}},"firstMatch":[{}]}]
[38;5;16m[AppiumDriver@1d2b][0m Event 'newSessionRequested' logged at 1722367796788 (00:59:56 GMT+0530 (India Standard Time))
[38;5;32m[BaseDriver][0m Found appium:options capability present; will promote items inside to caps
[35m[Appium][39m Attempting to find matching driver for automationName 'UiAutomator2' and platformName 'Android'
[35m[Appium][39m The 'uiautomator2' driver was installed and matched caps.
[35m[Appium][39m Will require it at /Users/sonutitus/.appium/node_modules/appium-uiautomator2-driver
[35m[Appium][39m Requiring driver at /Users/sonutitus/.appium/node_modules/appium-uiautomator2-driver/build/index.js
[38;5;16m[AppiumDriver@1d2b][0m Appium v2.5.4 creating new AndroidUiautomator2Driver (v3.0.4) session
[38;5;16m[AppiumDriver@1d2b][0m Checking BaseDriver versions for Appium and AndroidUiautomator2Driver
[38;5;16m[AppiumDriver@1d2b][0m Appium's BaseDriver version is 9.6.0
[38;5;16m[AppiumDriver@1d2b][0m AndroidUiautomator2Driver's BaseDriver version is 9.6.0
[38;5;16m[AppiumDriver@1d2b][0m There are no active sessions for cleanup
[38;5;16m[AppiumDriver@1d2b][0m Explicitly enabling use of insecure features:
[38;5;16m[AppiumDriver@1d2b][0m     chromedriver_autodownload
[38;5;48m[AndroidUiautomator2Driver@c54f][0m Creating session with W3C capabilities: {
[38;5;48m[AndroidUiautomator2Driver@c54f][0m   "alwaysMatch": {
[38;5;48m[AndroidUiautomator2Driver@c54f][0m     "platformName": "Android",
[38;5;48m[AndroidUiautomator2Driver@c54f][0m     "appium:noReset": true,
[38;5;48m[AndroidUiautomator2Driver@c54f][0m     "appium:fullReset": false,
[38;5;48m[AndroidUiautomator2Driver@c54f][0m     "appium:automationName": "UiAutomator2",
[38;5;48m[AndroidUiautomator2Driver@c54f][0m     "appium:deviceName": "emulator-5554",
[38;5;48m[AndroidUiautomator2Driver@c54f][0m     "appium:commandTimeout": "7200",
[38;5;48m[AndroidUiautomator2Driver@c54f][0m     "appium:app": "/Users/sonutitus/Downloads/Android-MyDemoAppRN.1.2.0.build-231.apk",
[38;5;48m[AndroidUiautomator2Driver@c54f][0m     "appium:appPackage": "com.saucelabs.mydemoapp.rn",
[38;5;48m[AndroidUiautomator2Driver@c54f][0m     "appium:appActivity": "com.saucelabs.mydemoapp.rn.MainActivity",
[38;5;48m[AndroidUiautomator2Driver@c54f][0m     "appium:chromeOptions": {
[38;5;48m[AndroidUiautomator2Driver@c54f][0m       "args": [
[38;5;48m[AndroidUiautomator2Driver@c54f][0m         "--no-managed-user-acknowledgment-check",
[38;5;48m[AndroidUiautomator2Driver@c54f][0m         "--no-user-gesture-required",
[38;5;48m[AndroidUiautomator2Driver@c54f][0m         "--oobe-force-show-screen ⊗"
[38;5;48m[AndroidUiautomator2Driver@c54f][0m       ]
[38;5;48m[AndroidUiautomator2Driver@c54f][0m     }
[38;5;48m[AndroidUiautomator2Driver@c54f][0m   },
[38;5;48m[AndroidUiautomator2Driver@c54f][0m   "firstMatch": [
[38;5;48m[AndroidUiautomator2Driver@c54f][0m     {}
[38;5;48m[AndroidUiautomator2Driver@c54f][0m   ]
[38;5;48m[AndroidUiautomator2Driver@c54f][0m }
[38;5;48m[AndroidUiautomator2Driver@c54f][0m The following provided capabilities were not recognized by this driver:
[38;5;48m[AndroidUiautomator2Driver@c54f][0m   commandTimeout
[38;5;48m[AndroidUiautomator2Driver@c54f (d7302db8)][0m Session created with session id: d7302db8-2f3b-42ea-86fa-a0bfec770829
[38;5;64m[ADB][0m Found 2 'build-tools' folders under '/Users/sonutitus/Library/Android/sdk' (newest first):
[38;5;64m[ADB][0m     /Users/sonutitus/Library/Android/sdk/build-tools/35.0.0-rc2
[38;5;64m[ADB][0m     /Users/sonutitus/Library/Android/sdk/build-tools/34.0.0
[38;5;64m[ADB][0m Using 'adb' from '/Users/sonutitus/Library/Android/sdk/platform-tools/adb'
[38;5;64m[ADB][0m Running '/Users/sonutitus/Library/Android/sdk/platform-tools/adb -P 5037 start-server'
[38;5;48m[AndroidUiautomator2Driver@c54f (d7302db8)][0m Retrieving device list
[38;5;64m[ADB][0m Trying to find connected Android devices
[38;5;64m[ADB][0m Getting connected devices
[38;5;64m[ADB][0m Connected devices: [{"udid":"emulator-5554","state":"device"}]
[38;5;48m[AndroidUiautomator2Driver@c54f (d7302db8)][0m Using device: emulator-5554
[38;5;64m[ADB][0m Using 'adb' from '/Users/sonutitus/Library/Android/sdk/platform-tools/adb'
[38;5;64m[ADB][0m Running '/Users/sonutitus/Library/Android/sdk/platform-tools/adb -P 5037 start-server'
[38;5;64m[ADB][0m Setting device id to emulator-5554
[38;5;32m[BaseDriver][0m Using local app '/Users/sonutitus/Downloads/Android-MyDemoAppRN.1.2.0.build-231.apk'
[38;5;48m[AndroidUiautomator2Driver@c54f (d7302db8)][0m Checking whether app is actually present
[38;5;64m[ADB][0m Running '/Users/sonutitus/Library/Android/sdk/platform-tools/adb -P 5037 -s emulator-5554 shell getprop ro.build.version.sdk'
[38;5;64m[ADB][0m Current device property 'ro.build.version.sdk': 34
[38;5;64m[ADB][0m Getting device platform version
[38;5;64m[ADB][0m Running '/Users/sonutitus/Library/Android/sdk/platform-tools/adb -P 5037 -s emulator-5554 shell getprop ro.build.version.release'
[38;5;64m[ADB][0m Current device property 'ro.build.version.release': 14
[38;5;64m[ADB][0m Device API level: 34
[38;5;48m[AndroidUiautomator2Driver@c54f (d7302db8)][0m Relaxing hidden api policy
[38;5;64m[ADB][0m Running '/Users/sonutitus/Library/Android/sdk/platform-tools/adb -P 5037 -s emulator-5554 shell 'settings put global hidden_api_policy_pre_p_apps 1;settings put global hidden_api_policy_p_apps 1;settings put global hidden_api_policy 1''
[38;5;64m[ADB][0m Running '/Users/sonutitus/Library/Android/sdk/platform-tools/adb -P 5037 -s emulator-5554 wait-for-device'
[38;5;64m[ADB][0m Running '/Users/sonutitus/Library/Android/sdk/platform-tools/adb -P 5037 -s emulator-5554 shell echo ping'
[38;5;48m[AndroidUiautomator2Driver@c54f (d7302db8)][0m Pushing settings apk to the device...
[38;5;64m[ADB][0m Getting package info for 'io.appium.settings'
[38;5;64m[ADB][0m Running '/Users/sonutitus/Library/Android/sdk/platform-tools/adb -P 5037 -s emulator-5554 shell dumpsys package io.appium.settings'
[38;5;64m[ADB][0m The version name of the installed 'io.appium.settings' is greater or equal to the application version name ('5.7.7' >= '5.7.7')
[38;5;64m[ADB][0m There is no need to install/upgrade '/Users/sonutitus/.appium/node_modules/appium-uiautomator2-driver/node_modules/io.appium.settings/apks/settings_apk-debug.apk'
[38;5;64m[ADB][0m Running '/Users/sonutitus/Library/Android/sdk/platform-tools/adb -P 5037 -s emulator-5554 shell dumpsys activity services io.appium.settings'
[38;5;48m[AndroidUiautomator2Driver@c54f (d7302db8)][0m io.appium.settings is already running. There is no need to reset its permissions.
[38;5;80m[Logcat][0m Starting logs capture with command: /Users/sonutitus/Library/Android/sdk/platform-tools/adb -P 5037 -s emulator-5554 logcat -v threadtime
[38;5;48m[AndroidUiautomator2Driver@c54f (d7302db8)][0m Forwarding UiAutomator2 Server port 6790 to local port 8201
[38;5;64m[ADB][0m Forwarding system: 8201 to device: 6790
[38;5;64m[ADB][0m Running '/Users/sonutitus/Library/Android/sdk/platform-tools/adb -P 5037 -s emulator-5554 forward tcp:8201 tcp:6790'
[38;5;64m[ADB][0m Getting install status for com.saucelabs.mydemoapp.rn
[38;5;64m[ADB][0m Running '/Users/sonutitus/Library/Android/sdk/platform-tools/adb -P 5037 -s emulator-5554 shell pm path com.saucelabs.mydemoapp.rn'
[38;5;64m[ADB][0m Checking app cert for /Users/sonutitus/.appium/node_modules/appium-uiautomator2-driver/node_modules/appium-uiautomator2-server/apks/appium-uiautomator2-server-v7.0.5.apk
[38;5;64m[ADB][0m Checking app cert for /Users/sonutitus/.appium/node_modules/appium-uiautomator2-driver/node_modules/appium-uiautomator2-server/apks/appium-uiautomator2-server-debug-androidTest.apk
[38;5;64m[ADB][0m Using 'apksigner.jar' from '/Users/sonutitus/Library/Android/sdk/build-tools/35.0.0-rc2/lib/apksigner.jar'
[38;5;64m[ADB][0m Starting apksigner: /Library/Java/JavaVirtualMachines/zulu-11.jdk/Contents/Home/bin/java -Xmx1024M -Xss1m -jar /Users/sonutitus/Library/Android/sdk/build-tools/35.0.0-rc2/lib/apksigner.jar verify --print-certs /Users/sonutitus/.appium/node_modules/appium-uiautomator2-driver/node_modules/appium-uiautomator2-server/apks/appium-uiautomator2-server-debug-androidTest.apk
[38;5;64m[ADB][0m Starting apksigner: /Library/Java/JavaVirtualMachines/zulu-11.jdk/Contents/Home/bin/java -Xmx1024M -Xss1m -jar /Users/sonutitus/Library/Android/sdk/build-tools/35.0.0-rc2/lib/apksigner.jar verify --print-certs /Users/sonutitus/.appium/node_modules/appium-uiautomator2-driver/node_modules/appium-uiautomator2-server/apks/appium-uiautomator2-server-v7.0.5.apk
[38;5;64m[ADB][0m 'com.saucelabs.mydemoapp.rn' is installed
[38;5;48m[AndroidUiautomator2Driver@c54f (d7302db8)][0m noReset has been requested and the app is already installed. Doing nothing
[38;5;64m[ADB][0m apksigner stdout: Signer #1 certificate DN: EMAILADDRESS=android@android.com, CN=Android, OU=Android, O=Android, L=Mountain View, ST=California, C=US
[38;5;64m[ADB][0m Signer #1 certificate SHA-256 digest: a40da80a59d170caa950cf15c18c454d47a39b26989d8b640ecd745ba71bf5dc
[38;5;64m[ADB][0m Signer #1 certificate SHA-1 digest: 61ed377e85d386a8dfee6b864bd85b0bfaa5af81
[38;5;64m[ADB][0m Signer #1 certificate MD5 digest: e89b158e4bcf988ebd09eb83f5378e87
[38;5;64m[ADB][0m 
[38;5;64m[ADB][0m sha256 hash did match for 'appium-uiautomator2-server-debug-androidTest.apk'
[38;5;64m[ADB][0m '/Users/sonutitus/.appium/node_modules/appium-uiautomator2-driver/node_modules/appium-uiautomator2-server/apks/appium-uiautomator2-server-debug-androidTest.apk' is signed with the default certificate
[38;5;64m[ADB][0m Getting install status for io.appium.uiautomator2.server.test
[38;5;64m[ADB][0m Running '/Users/sonutitus/Library/Android/sdk/platform-tools/adb -P 5037 -s emulator-5554 shell pm path io.appium.uiautomator2.server.test'
[38;5;64m[ADB][0m 'io.appium.uiautomator2.server.test' is installed
[38;5;64m[ADB][0m apksigner stdout: Signer #1 certificate DN: EMAILADDRESS=android@android.com, CN=Android, OU=Android, O=Android, L=Mountain View, ST=California, C=US
[38;5;64m[ADB][0m Signer #1 certificate SHA-256 digest: a40da80a59d170caa950cf15c18c454d47a39b26989d8b640ecd745ba71bf5dc
[38;5;64m[ADB][0m Signer #1 certificate SHA-1 digest: 61ed377e85d386a8dfee6b864bd85b0bfaa5af81
[38;5;64m[ADB][0m Signer #1 certificate MD5 digest: e89b158e4bcf988ebd09eb83f5378e87
[38;5;64m[ADB][0m 
[38;5;64m[ADB][0m sha256 hash did match for 'appium-uiautomator2-server-v7.0.5.apk'
[38;5;64m[ADB][0m '/Users/sonutitus/.appium/node_modules/appium-uiautomator2-driver/node_modules/appium-uiautomator2-server/apks/appium-uiautomator2-server-v7.0.5.apk' is signed with the default certificate
[38;5;64m[ADB][0m Getting package info for 'io.appium.uiautomator2.server'
[38;5;64m[ADB][0m Running '/Users/sonutitus/Library/Android/sdk/platform-tools/adb -P 5037 -s emulator-5554 shell dumpsys package io.appium.uiautomator2.server'
[38;5;64m[ADB][0m The version name of the installed 'io.appium.uiautomator2.server' is greater or equal to the application version name ('7.0.5' >= '7.0.5')
[38;5;48m[AndroidUiautomator2Driver@c54f (d7302db8)][0m Server packages status: [{"wasSigned":true,"installState":"sameVersionInstalled","appPath":"/Users/sonutitus/.appium/node_modules/appium-uiautomator2-driver/node_modules/appium-uiautomator2-server/apks/appium-uiautomator2-server-v7.0.5.apk","appId":"io.appium.uiautomator2.server"},{"wasSigned":true,"installState":"sameVersionInstalled","appPath":"/Users/sonutitus/.appium/node_modules/appium-uiautomator2-driver/node_modules/appium-uiautomator2-server/apks/appium-uiautomator2-server-debug-androidTest.apk","appId":"io.appium.uiautomator2.server.test"}]
[38;5;48m[AndroidUiautomator2Driver@c54f (d7302db8)][0m Server packages are not going to be (re)installed
[38;5;48m[AndroidUiautomator2Driver@c54f (d7302db8)][0m Waiting up to 30000ms for services to be available
[38;5;64m[ADB][0m Running '/Users/sonutitus/Library/Android/sdk/platform-tools/adb -P 5037 -s emulator-5554 shell pm list instrumentation'
[38;5;48m[AndroidUiautomator2Driver@c54f (d7302db8)][0m Instrumentation target 'io.appium.uiautomator2.server.test/androidx.test.runner.AndroidJUnitRunner' is available
[38;5;64m[ADB][0m Adding packages ["io.appium.settings","io.appium.uiautomator2.server","io.appium.uiautomator2.server.test"] to Doze whitelist
[38;5;64m[ADB][0m Got the following command chunks to execute: [["dumpsys","deviceidle","whitelist","+io.appium.settings",";","dumpsys","deviceidle","whitelist","+io.appium.uiautomator2.server",";","dumpsys","deviceidle","whitelist","+io.appium.uiautomator2.server.test",";"]]
[38;5;64m[ADB][0m Running '/Users/sonutitus/Library/Android/sdk/platform-tools/adb -P 5037 -s emulator-5554 shell dumpsys deviceidle whitelist +io.appium.settings ; dumpsys deviceidle whitelist +io.appium.uiautomator2.server ; dumpsys deviceidle whitelist +io.appium.uiautomator2.server.test ;'
[38;5;48m[AndroidUiautomator2Driver@c54f (d7302db8)][0m Performing shallow cleanup of automation leftovers
[38;5;48m[AndroidUiautomator2Driver@c54f (d7302db8)][0m No obsolete sessions have been detected (socket hang up)
[38;5;64m[ADB][0m Running '/Users/sonutitus/Library/Android/sdk/platform-tools/adb -P 5037 -s emulator-5554 shell am force-stop io.appium.uiautomator2.server.test'
[38;5;48m[AndroidUiautomator2Driver@c54f (d7302db8)][0m Starting UIAutomator2 server 7.0.5
[38;5;48m[AndroidUiautomator2Driver@c54f (d7302db8)][0m Using UIAutomator2 server from '/Users/sonutitus/.appium/node_modules/appium-uiautomator2-driver/node_modules/appium-uiautomator2-server/apks/appium-uiautomator2-server-v7.0.5.apk' and test from '/Users/sonutitus/.appium/node_modules/appium-uiautomator2-driver/node_modules/appium-uiautomator2-server/apks/appium-uiautomator2-server-debug-androidTest.apk'
[38;5;48m[AndroidUiautomator2Driver@c54f (d7302db8)][0m Waiting up to 30000ms for UiAutomator2 to be online...
[38;5;64m[ADB][0m Creating ADB subprocess with args: ["-P","5037","-s","emulator-5554","shell","am","instrument","-w","-e","disableAnalytics","true","io.appium.uiautomator2.server.test/androidx.test.runner.AndroidJUnitRunner"]
[38;5;48m[AndroidUiautomator2Driver@c54f (d7302db8)][0m Matched '/status' to command name 'getStatus'
[38;5;48m[AndroidUiautomator2Driver@c54f (d7302db8)][0m Proxying [GET /status] to [GET http://127.0.0.1:8201/status] with no body
[38;5;48m[AndroidUiautomator2Driver@c54f (d7302db8)][0m socket hang up
[38;5;48m[AndroidUiautomator2Driver@c54f (d7302db8)][0m Matched '/status' to command name 'getStatus'
[38;5;48m[AndroidUiautomator2Driver@c54f (d7302db8)][0m Proxying [GET /status] to [GET http://127.0.0.1:8201/status] with no body
[38;5;48m[AndroidUiautomator2Driver@c54f (d7302db8)][0m socket hang up
[38;5;96m[Instrumentation][0m io.appium.uiautomator2.server.test.AppiumUiAutomator2Server:
[38;5;48m[AndroidUiautomator2Driver@c54f (d7302db8)][0m Matched '/status' to command name 'getStatus'
[38;5;48m[AndroidUiautomator2Driver@c54f (d7302db8)][0m Proxying [GET /status] to [GET http://127.0.0.1:8201/status] with no body
[38;5;48m[AndroidUiautomator2Driver@c54f (d7302db8)][0m socket hang up
[38;5;48m[AndroidUiautomator2Driver@c54f (d7302db8)][0m Matched '/status' to command name 'getStatus'
[38;5;48m[AndroidUiautomator2Driver@c54f (d7302db8)][0m Proxying [GET /status] to [GET http://127.0.0.1:8201/status] with no body
[38;5;48m[AndroidUiautomator2Driver@c54f (d7302db8)][0m Got response with status 200: {"sessionId":"None","value":{"message":"UiAutomator2 Server is ready to accept commands","ready":true}}
[38;5;48m[AndroidUiautomator2Driver@c54f (d7302db8)][0m The initialization of the instrumentation process took 3108ms
[38;5;48m[AndroidUiautomator2Driver@c54f (d7302db8)][0m Matched '/session' to command name 'createSession'
[38;5;48m[AndroidUiautomator2Driver@c54f (d7302db8)][0m Proxying [POST /session] to [POST http://127.0.0.1:8201/session] with body: {"capabilities":{"firstMatch":[{"platformName":"Android","noReset":true,"fullReset":false,"automationName":"UiAutomator2","deviceName":"emulator-5554","commandTimeout":"7200","app":"/Users/sonutitus/Downloads/Android-MyDemoAppRN.1.2.0.build-231.apk","appPackage":"com.saucelabs.mydemoapp.rn","appActivity":"com.saucelabs.mydemoapp.rn.MainActivity","chromeOptions":{"args":["--no-managed-user-acknowledgment-check","--no-user-gesture-required","--oobe-force-show-screen ⊗"]},"platform":"LINUX","webStorageEnabled":false,"takesScreenshot":true,"javascriptEnabled":true,"databaseEnabled":false,"networkConnectionEnabled":true,"locationContextEnabled":false,"warnings":{},"desired":{"platformName":"Android","noReset":true,"fullReset":false,"automationName":"UiAutomator2","deviceName":"emulator-5554","commandTimeout":"7200","app":"/Users/sonutitus/Downloads/Android-MyDemoAppRN.1.2.0.build-231.apk","appPackage":"com.saucelabs.mydemoapp.rn","appActivity":"com.saucelabs.mydemoapp.rn.MainActivity","chromeOptions":{"args":["...
[38;5;48m[AndroidUiautomator2Driver@c54f (d7302db8)][0m Got response with status 200: {"sessionId":"60416aef-3367-4989-b482-2708683d9ad9","value":{"capabilities":{"firstMatch":[{"platformName":"Android","noReset":true,"fullReset":false,"automationName":"UiAutomator2","deviceName":"emulator-5554","commandTimeout":"7200","app":"/Users/sonutitus/Downloads/Android-MyDemoAppRN.1.2.0.build-231.apk","appPackage":"com.saucelabs.mydemoapp.rn","appActivity":"com.saucelabs.mydemoapp.rn.MainActivity","chromeOptions":{"args":["--no-managed-user-acknowledgment-check","--no-user-gesture-required","--oobe-force-show-screen ⊗"]},"platform":"LINUX","webStorageEnabled":false,"takesScreenshot":true,"javascriptEnabled":true,"databaseEnabled":false,"networkConnectionEnabled":true,"locationContextEnabled":false,"warnings":{},"desired":{"platformName":"Android","noReset":true,"fullReset":false,"automationName":"UiAutomator2","deviceName":"emulator-5554","commandTimeout":"7200","app":"/Users/sonutitus/Downloads/Android-MyDemoAppRN.1.2.0.build-231.apk","appPackage":"com.saucelabs.mydemoapp.rn","appActivity":"com.sau...
[38;5;48m[AndroidUiautomator2Driver@c54f (d7302db8)][0m Determined the downstream protocol as 'W3C'
[38;5;48m[AndroidUiautomator2Driver@c54f (d7302db8)][0m Proxying [GET /appium/device/pixel_ratio] to [GET http://127.0.0.1:8201/session/60416aef-3367-4989-b482-2708683d9ad9/appium/device/pixel_ratio] with no body
[38;5;48m[AndroidUiautomator2Driver@c54f (d7302db8)][0m Matched '/appium/device/system_bars' to command name 'getSystemBars'
[38;5;48m[AndroidUiautomator2Driver@c54f (d7302db8)][0m Proxying [GET /appium/device/system_bars] to [GET http://127.0.0.1:8201/session/60416aef-3367-4989-b482-2708683d9ad9/appium/device/system_bars] with no body
[38;5;48m[AndroidUiautomator2Driver@c54f (d7302db8)][0m Matched '/window/current/size' to command name 'getWindowSize'
[38;5;48m[AndroidUiautomator2Driver@c54f (d7302db8)][0m Proxying [GET /window/current/size] to [GET http://127.0.0.1:8201/session/60416aef-3367-4989-b482-2708683d9ad9/window/current/size] with no body
[38;5;48m[AndroidUiautomator2Driver@c54f (d7302db8)][0m Proxying [GET /appium/device/info] to [GET http://127.0.0.1:8201/session/60416aef-3367-4989-b482-2708683d9ad9/appium/device/info] with no body
[38;5;64m[ADB][0m Running '/Users/sonutitus/Library/Android/sdk/platform-tools/adb -P 5037 -s emulator-5554 shell dumpsys window'
[38;5;48m[AndroidUiautomator2Driver@c54f (d7302db8)][0m Got response with status 200: {"sessionId":"60416aef-3367-4989-b482-2708683d9ad9","value":3}
[38;5;48m[AndroidUiautomator2Driver@c54f (d7302db8)][0m Got response with status 200: {"sessionId":"60416aef-3367-4989-b482-2708683d9ad9","value":{"height":2992,"width":1344}}
[38;5;48m[AndroidUiautomator2Driver@c54f (d7302db8)][0m Got response with status 200: {"sessionId":"60416aef-3367-4989-b482-2708683d9ad9","value":{"statusBar":151}}
[38;5;48m[AndroidUiautomator2Driver@c54f (d7302db8)][0m Got response with status 200: {"sessionId":"60416aef-3367-4989-b482-2708683d9ad9","value":{"androidId":"6da510ceba206968","apiVersion":"34","bluetooth":{"state":"ON"},"brand":"google","carrierName":"T-Mobile","displayDensity":480,"locale":"en_US","manufacturer":"Google","model":"sdk_gphone64_arm64","networks":[{"capabilities":{"SSID":null,"linkDownBandwidthKbps":4300,"linkUpstreamBandwidthKbps":1800,"networkCapabilities":"NET_CAPABILITY_MMS,NET_CAPABILITY_SUPL,NET_CAPABILITY_DUN,NET_CAPABILITY_FOTA,NET_CAPABILITY_IMS,NET_CAPABILITY_CBS,NET_CAPABILITY_INTERNET,NET_CAPABILITY_NOT_RESTRICTED,NET_CAPABILITY_TRUSTED,NET_CAPABILITY_NOT_VPN,NET_CAPABILITY_VALIDATED,NET_CAPABILITY_NOT_ROAMING,NET_CAPABILITY_NOT_CONGESTED,NET_CAPABILITY_NOT_SUSPENDED","signalStrength":-2147483648,"transportTypes":"TRANSPORT_CELLULAR"},"detailedState":"CONNECTED","extraInfo":"epc.tmobile.com","isAvailable":true,"isConnected":true,"isFailover":false,"isRoaming":false,"state":"CONNECTED","subtype":10,"subtypeName":"HSPA","type":0,"typeName":"MOBILE"},{"capabilitie...
[38;5;48m[AndroidUiautomator2Driver@c54f (d7302db8)][0m Screen already unlocked, doing nothing
[38;5;48m[AndroidUiautomator2Driver@c54f (d7302db8)][0m Starting 'com.saucelabs.mydemoapp.rn/com.saucelabs.mydemoapp.rn.MainActivity and waiting for 'com.saucelabs.mydemoapp.rn/com.saucelabs.mydemoapp.rn.MainActivity'
[38;5;64m[ADB][0m Getting IDs of all 'com.saucelabs.mydemoapp.rn' processes
[38;5;64m[ADB][0m Running '/Users/sonutitus/Library/Android/sdk/platform-tools/adb -P 5037 -s emulator-5554 shell 'pgrep --help; echo $?''
[38;5;64m[ADB][0m Running '/Users/sonutitus/Library/Android/sdk/platform-tools/adb -P 5037 -s emulator-5554 shell pgrep -f \(\[\[:blank:\]\]\|\^\)com\.saucelabs\.mydemoapp\.rn\(\[\[:blank:\]\]\|\$\)'
[38;5;48m[AndroidUiautomator2Driver@c54f (d7302db8)][0m 'com.saucelabs.mydemoapp.rn' is already running and noReset is enabled. Set forceAppLaunch capability to true if the app must be forcefully restarted on session startup.
[38;5;16m[AppiumDriver@1d2b][0m New AndroidUiautomator2Driver session created successfully, session d7302db8-2f3b-42ea-86fa-a0bfec770829 added to master session list
[38;5;16m[AppiumDriver@1d2b][0m Event 'newSessionStarted' logged at 1722367811782 (01:00:11 GMT+0530 (India Standard Time))
[38;5;48m[AndroidUiautomator2Driver@c54f (d7302db8)][0m Cached the protocol value 'W3C' for the new session d7302db8-2f3b-42ea-86fa-a0bfec770829
[38;5;48m[AndroidUiautomator2Driver@c54f (d7302db8)][0m Responding to client with driver.createSession() result: {"capabilities":{"platformName":"Android","noReset":true,"fullReset":false,"automationName":"UiAutomator2","deviceName":"emulator-5554","commandTimeout":"7200","app":"/Users/sonutitus/Downloads/Android-MyDemoAppRN.1.2.0.build-231.apk","appPackage":"com.saucelabs.mydemoapp.rn","appActivity":"com.saucelabs.mydemoapp.rn.MainActivity","chromeOptions":{"args":["--no-managed-user-acknowledgment-check","--no-user-gesture-required","--oobe-force-show-screen ⊗"]},"platform":"LINUX","webStorageEnabled":false,"takesScreenshot":true,"javascriptEnabled":true,"databaseEnabled":false,"networkConnectionEnabled":true,"locationContextEnabled":false,"warnings":{},"desired":{"platformName":"Android","noReset":true,"fullReset":false,"automationName":"UiAutomator2","deviceName":"emulator-5554","commandTimeout":"7200","app":"/Users/sonutitus/Downloads/Android-MyDemoAppRN.1.2.0.build-231.apk","appPackage":"com.saucelabs.mydemoapp.rn","appActivity":"com.saucelabs.mydemoapp.rn.MainActivity","chromeOptions":{"args":["--no-managed-us...
[38;5;0m[HTTP][0m [37m<-- POST /session [39m[32m200[39m [90m14998 ms - 1467[39m
[38;5;0m[HTTP][0m [90m[39m
[38;5;0m[HTTP][0m [37m-->[39m [37mPOST[39m [37m/session/d7302db8-2f3b-42ea-86fa-a0bfec770829/element[39m
[38;5;0m[HTTP][0m [90m{"using":"xpath","value":"//android.view.ViewGroup[@content-desc='open menu']/android.widget.ImageView"}[39m
[38;5;48m[AndroidUiautomator2Driver@c54f (d7302db8)][0m Calling AppiumDriver.findElement() with args: ["xpath","//android.view.ViewGroup[@content-desc='open menu']/android.widget.ImageView","d7302db8-2f3b-42ea-86fa-a0bfec770829"]
[38;5;48m[AndroidUiautomator2Driver@c54f (d7302db8)][0m Valid locator strategies for this request: xpath, id, class name, accessibility id, css selector, -android uiautomator
[38;5;48m[AndroidUiautomator2Driver@c54f (d7302db8)][0m Waiting up to 0 ms for condition
[38;5;48m[AndroidUiautomator2Driver@c54f (d7302db8)][0m Matched '/element' to command name 'findElement'
[38;5;48m[AndroidUiautomator2Driver@c54f (d7302db8)][0m Proxying [POST /element] to [POST http://127.0.0.1:8201/session/60416aef-3367-4989-b482-2708683d9ad9/element] with body: {"strategy":"xpath","selector":"//android.view.ViewGroup[@content-desc='open menu']/android.widget.ImageView","context":"","multiple":false}
[38;5;48m[AndroidUiautomator2Driver@c54f (d7302db8)][0m Got response with status 200: {"sessionId":"60416aef-3367-4989-b482-2708683d9ad9","value":{"ELEMENT":"00000000-0000-0058-ffff-ffff00000023","element-6066-11e4-a52e-4f735466cecf":"00000000-0000-0058-ffff-ffff00000023"}}
[38;5;48m[AndroidUiautomator2Driver@c54f (d7302db8)][0m Responding to client with driver.findElement() result: {"element-6066-11e4-a52e-4f735466cecf":"00000000-0000-0058-ffff-ffff00000023","ELEMENT":"00000000-0000-0058-ffff-ffff00000023"}
[38;5;0m[HTTP][0m [37m<-- POST /session/d7302db8-2f3b-42ea-86fa-a0bfec770829/element [39m[32m200[39m [90m223 ms - 137[39m
[38;5;0m[HTTP][0m [90m[39m
[38;5;0m[HTTP][0m [37m-->[39m [37mGET[39m [37m/session/d7302db8-2f3b-42ea-86fa-a0bfec770829/element/00000000-0000-0058-ffff-ffff00000023/displayed[39m
[38;5;0m[HTTP][0m [90m{}[39m
[38;5;48m[AndroidUiautomator2Driver@c54f (d7302db8)][0m Calling AppiumDriver.elementDisplayed() with args: ["00000000-0000-0058-ffff-ffff00000023","d7302db8-2f3b-42ea-86fa-a0bfec770829"]
[38;5;48m[AndroidUiautomator2Driver@c54f (d7302db8)][0m Matched '/element/00000000-0000-0058-ffff-ffff00000023/attribute/displayed' to command name 'getAttribute'
[38;5;48m[AndroidUiautomator2Driver@c54f (d7302db8)][0m Proxying [GET /element/00000000-0000-0058-ffff-ffff00000023/attribute/displayed] to [GET http://127.0.0.1:8201/session/60416aef-3367-4989-b482-2708683d9ad9/element/00000000-0000-0058-ffff-ffff00000023/attribute/displayed] with no body
[38;5;48m[AndroidUiautomator2Driver@c54f (d7302db8)][0m Got response with status 200: {"sessionId":"60416aef-3367-4989-b482-2708683d9ad9","value":"true"}
[38;5;48m[AndroidUiautomator2Driver@c54f (d7302db8)][0m Responding to client with driver.elementDisplayed() result: true
[38;5;0m[HTTP][0m [37m<-- GET /session/d7302db8-2f3b-42ea-86fa-a0bfec770829/element/00000000-0000-0058-ffff-ffff00000023/displayed [39m[32m200[39m [90m7 ms - 14[39m
[38;5;0m[HTTP][0m [90m[39m
[38;5;0m[HTTP][0m [37m-->[39m [37mPOST[39m [37m/session/d7302db8-2f3b-42ea-86fa-a0bfec770829/element[39m
[38;5;0m[HTTP][0m [90m{"using":"xpath","value":"//android.view.ViewGroup[@content-desc='open menu']/android.widget.ImageView"}[39m
[38;5;48m[AndroidUiautomator2Driver@c54f (d7302db8)][0m Calling AppiumDriver.findElement() with args: ["xpath","//android.view.ViewGroup[@content-desc='open menu']/android.widget.ImageView","d7302db8-2f3b-42ea-86fa-a0bfec770829"]
[38;5;48m[AndroidUiautomator2Driver@c54f (d7302db8)][0m Valid locator strategies for this request: xpath, id, class name, accessibility id, css selector, -android uiautomator
[38;5;48m[AndroidUiautomator2Driver@c54f (d7302db8)][0m Waiting up to 0 ms for condition
[38;5;48m[AndroidUiautomator2Driver@c54f (d7302db8)][0m Matched '/element' to command name 'findElement'
[38;5;48m[AndroidUiautomator2Driver@c54f (d7302db8)][0m Proxying [POST /element] to [POST http://127.0.0.1:8201/session/60416aef-3367-4989-b482-2708683d9ad9/element] with body: {"strategy":"xpath","selector":"//android.view.ViewGroup[@content-desc='open menu']/android.widget.ImageView","context":"","multiple":false}
[38;5;48m[AndroidUiautomator2Driver@c54f (d7302db8)][0m Got response with status 200: {"sessionId":"60416aef-3367-4989-b482-2708683d9ad9","value":{"ELEMENT":"00000000-0000-0058-ffff-ffff00000023","element-6066-11e4-a52e-4f735466cecf":"00000000-0000-0058-ffff-ffff00000023"}}
[38;5;48m[AndroidUiautomator2Driver@c54f (d7302db8)][0m Responding to client with driver.findElement() result: {"element-6066-11e4-a52e-4f735466cecf":"00000000-0000-0058-ffff-ffff00000023","ELEMENT":"00000000-0000-0058-ffff-ffff00000023"}
[38;5;0m[HTTP][0m [37m<-- POST /session/d7302db8-2f3b-42ea-86fa-a0bfec770829/element [39m[32m200[39m [90m45 ms - 137[39m
[38;5;0m[HTTP][0m [90m[39m
[38;5;0m[HTTP][0m [37m-->[39m [37mPOST[39m [37m/session/d7302db8-2f3b-42ea-86fa-a0bfec770829/element/00000000-0000-0058-ffff-ffff00000023/click[39m
[38;5;0m[HTTP][0m [90m{}[39m
[38;5;48m[AndroidUiautomator2Driver@c54f (d7302db8)][0m Calling AppiumDriver.click() with args: ["00000000-0000-0058-ffff-ffff00000023","d7302db8-2f3b-42ea-86fa-a0bfec770829"]
[38;5;48m[AndroidUiautomator2Driver@c54f (d7302db8)][0m Matched '/element/00000000-0000-0058-ffff-ffff00000023/click' to command name 'click'
[38;5;48m[AndroidUiautomator2Driver@c54f (d7302db8)][0m Proxying [POST /element/00000000-0000-0058-ffff-ffff00000023/click] to [POST http://127.0.0.1:8201/session/60416aef-3367-4989-b482-2708683d9ad9/element/00000000-0000-0058-ffff-ffff00000023/click] with body: {"element":"00000000-0000-0058-ffff-ffff00000023"}
[38;5;48m[AndroidUiautomator2Driver@c54f (d7302db8)][0m Got response with status 200: {"sessionId":"60416aef-3367-4989-b482-2708683d9ad9","value":null}
[38;5;48m[AndroidUiautomator2Driver@c54f (d7302db8)][0m Responding to client with driver.click() result: null
[38;5;0m[HTTP][0m [37m<-- POST /session/d7302db8-2f3b-42ea-86fa-a0bfec770829/element/00000000-0000-0058-ffff-ffff00000023/click [39m[32m200[39m [90m49 ms - 14[39m
[38;5;0m[HTTP][0m [90m[39m
[38;5;0m[HTTP][0m [37m-->[39m [37mPOST[39m [37m/session/d7302db8-2f3b-42ea-86fa-a0bfec770829/element[39m
[38;5;0m[HTTP][0m [90m{"using":"accessibility id","value":"menu item log in"}[39m
[38;5;48m[AndroidUiautomator2Driver@c54f (d7302db8)][0m Calling AppiumDriver.findElement() with args: ["accessibility id","menu item log in","d7302db8-2f3b-42ea-86fa-a0bfec770829"]
[38;5;48m[AndroidUiautomator2Driver@c54f (d7302db8)][0m Valid locator strategies for this request: xpath, id, class name, accessibility id, css selector, -android uiautomator
[38;5;48m[AndroidUiautomator2Driver@c54f (d7302db8)][0m Waiting up to 0 ms for condition
[38;5;48m[AndroidUiautomator2Driver@c54f (d7302db8)][0m Matched '/element' to command name 'findElement'
[38;5;48m[AndroidUiautomator2Driver@c54f (d7302db8)][0m Proxying [POST /element] to [POST http://127.0.0.1:8201/session/60416aef-3367-4989-b482-2708683d9ad9/element] with body: {"strategy":"accessibility id","selector":"menu item log in","context":"","multiple":false}
[38;5;48m[AndroidUiautomator2Driver@c54f (d7302db8)][0m Got response with status 404: {"sessionId":"60416aef-3367-4989-b482-2708683d9ad9","value":{"error":"no such element","message":"An element could not be located on the page using the given search parameters","stacktrace":"io.appium.uiautomator2.common.exceptions.ElementNotFoundException: An element could not be located on the page using the given search parameters\n\tat io.appium.uiautomator2.handler.FindElement.safeHandle(FindElement.java:63)\n\tat io.appium.uiautomator2.handler.request.SafeRequestHandler.handle(SafeRequestHandler.java:59)\n\tat io.appium.uiautomator2.server.AppiumServlet.handleRequest(AppiumServlet.java:259)\n\tat io.appium.uiautomator2.server.AppiumServlet.handleHttpRequest(AppiumServlet.java:253)\n\tat io.appium.uiautomator2.http.ServerHandler.channelRead(ServerHandler.java:77)\n\tat io.netty.channel.AbstractChannelHandlerContext.invokeChannelRead(AbstractChannelHandlerContext.java:366)\n\tat io.netty.channel.AbstractChannelHandlerContext.invokeChannelRead(AbstractChannelHandlerContext.java:352)\n\tat io.netty.chann...
[38;5;112m[W3C][0m Matched W3C error code 'no such element' to NoSuchElementError
[38;5;48m[AndroidUiautomator2Driver@c54f (d7302db8)][0m Encountered internal error running command: NoSuchElementError: An element could not be located on the page using the given search parameters.
[38;5;48m[AndroidUiautomator2Driver@c54f (d7302db8)][0m     at AndroidUiautomator2Driver.findElOrEls (/Users/sonutitus/.appium/node_modules/appium-uiautomator2-driver/node_modules/appium-android-driver/lib/commands/find.ts:86:11)
[38;5;48m[AndroidUiautomator2Driver@c54f (d7302db8)][0m     at processTicksAndRejections (node:internal/process/task_queues:95:5)
[38;5;48m[AndroidUiautomator2Driver@c54f (d7302db8)][0m     at async AndroidUiautomator2Driver.findElOrElsWithProcessing (/Users/sonutitus/node_modules/@appium/base-driver/lib/basedriver/commands/find.ts:60:12)
[38;5;48m[AndroidUiautomator2Driver@c54f (d7302db8)][0m     at async AndroidUiautomator2Driver.findElement (/Users/sonutitus/node_modules/@appium/base-driver/lib/basedriver/commands/find.ts:75:12)
[38;5;0m[HTTP][0m [37m<-- POST /session/d7302db8-2f3b-42ea-86fa-a0bfec770829/element [39m[33m404[39m [90m207 ms - 790[39m
[38;5;0m[HTTP][0m [90m[39m
[38;5;0m[HTTP][0m [37m-->[39m [37mPOST[39m [37m/session/d7302db8-2f3b-42ea-86fa-a0bfec770829/element[39m
[38;5;0m[HTTP][0m [90m{"using":"accessibility id","value":"menu item log in"}[39m
[38;5;48m[AndroidUiautomator2Driver@c54f (d7302db8)][0m Calling AppiumDriver.findElement() with args: ["accessibility id","menu item log in","d7302db8-2f3b-42ea-86fa-a0bfec770829"]
[38;5;48m[AndroidUiautomator2Driver@c54f (d7302db8)][0m Valid locator strategies for this request: xpath, id, class name, accessibility id, css selector, -android uiautomator
[38;5;48m[AndroidUiautomator2Driver@c54f (d7302db8)][0m Waiting up to 0 ms for condition
[38;5;48m[AndroidUiautomator2Driver@c54f (d7302db8)][0m Matched '/element' to command name 'findElement'
[38;5;48m[AndroidUiautomator2Driver@c54f (d7302db8)][0m Proxying [POST /element] to [POST http://127.0.0.1:8201/session/60416aef-3367-4989-b482-2708683d9ad9/element] with body: {"strategy":"accessibility id","selector":"menu item log in","context":"","multiple":false}
[38;5;48m[AndroidUiautomator2Driver@c54f (d7302db8)][0m Got response with status 200: {"sessionId":"60416aef-3367-4989-b482-2708683d9ad9","value":{"ELEMENT":"00000000-0000-0058-ffff-ffff000000a1","element-6066-11e4-a52e-4f735466cecf":"00000000-0000-0058-ffff-ffff000000a1"}}
[38;5;48m[AndroidUiautomator2Driver@c54f (d7302db8)][0m Responding to client with driver.findElement() result: {"element-6066-11e4-a52e-4f735466cecf":"00000000-0000-0058-ffff-ffff000000a1","ELEMENT":"00000000-0000-0058-ffff-ffff000000a1"}
[38;5;0m[HTTP][0m [37m<-- POST /session/d7302db8-2f3b-42ea-86fa-a0bfec770829/element [39m[32m200[39m [90m1315 ms - 137[39m
[38;5;0m[HTTP][0m [90m[39m
[38;5;0m[HTTP][0m [37m-->[39m [37mGET[39m [37m/session/d7302db8-2f3b-42ea-86fa-a0bfec770829/element/00000000-0000-0058-ffff-ffff000000a1/displayed[39m
[38;5;0m[HTTP][0m [90m{}[39m
[38;5;48m[AndroidUiautomator2Driver@c54f (d7302db8)][0m Calling AppiumDriver.elementDisplayed() with args: ["00000000-0000-0058-ffff-ffff000000a1","d7302db8-2f3b-42ea-86fa-a0bfec770829"]
[38;5;48m[AndroidUiautomator2Driver@c54f (d7302db8)][0m Matched '/element/00000000-0000-0058-ffff-ffff000000a1/attribute/displayed' to command name 'getAttribute'
[38;5;48m[AndroidUiautomator2Driver@c54f (d7302db8)][0m Proxying [GET /element/00000000-0000-0058-ffff-ffff000000a1/attribute/displayed] to [GET http://127.0.0.1:8201/session/60416aef-3367-4989-b482-2708683d9ad9/element/00000000-0000-0058-ffff-ffff000000a1/attribute/displayed] with no body
[38;5;48m[AndroidUiautomator2Driver@c54f (d7302db8)][0m Got response with status 200: {"sessionId":"60416aef-3367-4989-b482-2708683d9ad9","value":"true"}
[38;5;48m[AndroidUiautomator2Driver@c54f (d7302db8)][0m Responding to client with driver.elementDisplayed() result: true
[38;5;0m[HTTP][0m [37m<-- GET /session/d7302db8-2f3b-42ea-86fa-a0bfec770829/element/00000000-0000-0058-ffff-ffff000000a1/displayed [39m[32m200[39m [90m9 ms - 14[39m
[38;5;0m[HTTP][0m [90m[39m
[38;5;0m[HTTP][0m [37m-->[39m [37mPOST[39m [37m/session/d7302db8-2f3b-42ea-86fa-a0bfec770829/element[39m
[38;5;0m[HTTP][0m [90m{"using":"accessibility id","value":"menu item log in"}[39m
[38;5;48m[AndroidUiautomator2Driver@c54f (d7302db8)][0m Calling AppiumDriver.findElement() with args: ["accessibility id","menu item log in","d7302db8-2f3b-42ea-86fa-a0bfec770829"]
[38;5;48m[AndroidUiautomator2Driver@c54f (d7302db8)][0m Valid locator strategies for this request: xpath, id, class name, accessibility id, css selector, -android uiautomator
[38;5;48m[AndroidUiautomator2Driver@c54f (d7302db8)][0m Waiting up to 0 ms for condition
[38;5;48m[AndroidUiautomator2Driver@c54f (d7302db8)][0m Matched '/element' to command name 'findElement'
[38;5;48m[AndroidUiautomator2Driver@c54f (d7302db8)][0m Proxying [POST /element] to [POST http://127.0.0.1:8201/session/60416aef-3367-4989-b482-2708683d9ad9/element] with body: {"strategy":"accessibility id","selector":"menu item log in","context":"","multiple":false}
[38;5;48m[AndroidUiautomator2Driver@c54f (d7302db8)][0m Got response with status 200: {"sessionId":"60416aef-3367-4989-b482-2708683d9ad9","value":{"ELEMENT":"00000000-0000-0058-ffff-ffff000000a1","element-6066-11e4-a52e-4f735466cecf":"00000000-0000-0058-ffff-ffff000000a1"}}
[38;5;48m[AndroidUiautomator2Driver@c54f (d7302db8)][0m Responding to client with driver.findElement() result: {"element-6066-11e4-a52e-4f735466cecf":"00000000-0000-0058-ffff-ffff000000a1","ELEMENT":"00000000-0000-0058-ffff-ffff000000a1"}
[38;5;0m[HTTP][0m [37m<-- POST /session/d7302db8-2f3b-42ea-86fa-a0bfec770829/element [39m[32m200[39m [90m22 ms - 137[39m
[38;5;0m[HTTP][0m [90m[39m
[38;5;0m[HTTP][0m [37m-->[39m [37mPOST[39m [37m/session/d7302db8-2f3b-42ea-86fa-a0bfec770829/element/00000000-0000-0058-ffff-ffff000000a1/click[39m
[38;5;0m[HTTP][0m [90m{}[39m
[38;5;48m[AndroidUiautomator2Driver@c54f (d7302db8)][0m Calling AppiumDriver.click() with args: ["00000000-0000-0058-ffff-ffff000000a1","d7302db8-2f3b-42ea-86fa-a0bfec770829"]
[38;5;48m[AndroidUiautomator2Driver@c54f (d7302db8)][0m Matched '/element/00000000-0000-0058-ffff-ffff000000a1/click' to command name 'click'
[38;5;48m[AndroidUiautomator2Driver@c54f (d7302db8)][0m Proxying [POST /element/00000000-0000-0058-ffff-ffff000000a1/click] to [POST http://127.0.0.1:8201/session/60416aef-3367-4989-b482-2708683d9ad9/element/00000000-0000-0058-ffff-ffff000000a1/click] with body: {"element":"00000000-0000-0058-ffff-ffff000000a1"}
[38;5;48m[AndroidUiautomator2Driver@c54f (d7302db8)][0m Got response with status 200: {"sessionId":"60416aef-3367-4989-b482-2708683d9ad9","value":null}
[38;5;48m[AndroidUiautomator2Driver@c54f (d7302db8)][0m Responding to client with driver.click() result: null
[38;5;0m[HTTP][0m [37m<-- POST /session/d7302db8-2f3b-42ea-86fa-a0bfec770829/element/00000000-0000-0058-ffff-ffff000000a1/click [39m[32m200[39m [90m45 ms - 14[39m
[38;5;0m[HTTP][0m [90m[39m
[38;5;0m[HTTP][0m [37m-->[39m [37mPOST[39m [37m/session/d7302db8-2f3b-42ea-86fa-a0bfec770829/element[39m
[38;5;0m[HTTP][0m [90m{"using":"accessibility id","value":"Username input field"}[39m
[38;5;48m[AndroidUiautomator2Driver@c54f (d7302db8)][0m Calling AppiumDriver.findElement() with args: ["accessibility id","Username input field","d7302db8-2f3b-42ea-86fa-a0bfec770829"]
[38;5;48m[AndroidUiautomator2Driver@c54f (d7302db8)][0m Valid locator strategies for this request: xpath, id, class name, accessibility id, css selector, -android uiautomator
[38;5;48m[AndroidUiautomator2Driver@c54f (d7302db8)][0m Waiting up to 0 ms for condition
[38;5;48m[AndroidUiautomator2Driver@c54f (d7302db8)][0m Matched '/element' to command name 'findElement'
[38;5;48m[AndroidUiautomator2Driver@c54f (d7302db8)][0m Proxying [POST /element] to [POST http://127.0.0.1:8201/session/60416aef-3367-4989-b482-2708683d9ad9/element] with body: {"strategy":"accessibility id","selector":"Username input field","context":"","multiple":false}
[38;5;48m[AndroidUiautomator2Driver@c54f (d7302db8)][0m Got response with status 404: {"sessionId":"60416aef-3367-4989-b482-2708683d9ad9","value":{"error":"no such element","message":"An element could not be located on the page using the given search parameters","stacktrace":"io.appium.uiautomator2.common.exceptions.ElementNotFoundException: An element could not be located on the page using the given search parameters\n\tat io.appium.uiautomator2.handler.FindElement.safeHandle(FindElement.java:63)\n\tat io.appium.uiautomator2.handler.request.SafeRequestHandler.handle(SafeRequestHandler.java:59)\n\tat io.appium.uiautomator2.server.AppiumServlet.handleRequest(AppiumServlet.java:259)\n\tat io.appium.uiautomator2.server.AppiumServlet.handleHttpRequest(AppiumServlet.java:253)\n\tat io.appium.uiautomator2.http.ServerHandler.channelRead(ServerHandler.java:77)\n\tat io.netty.channel.AbstractChannelHandlerContext.invokeChannelRead(AbstractChannelHandlerContext.java:366)\n\tat io.netty.channel.AbstractChannelHandlerContext.invokeChannelRead(AbstractChannelHandlerContext.java:352)\n\tat io.netty.chann...
[38;5;112m[W3C][0m Matched W3C error code 'no such element' to NoSuchElementError
[38;5;48m[AndroidUiautomator2Driver@c54f (d7302db8)][0m Encountered internal error running command: NoSuchElementError: An element could not be located on the page using the given search parameters.
[38;5;48m[AndroidUiautomator2Driver@c54f (d7302db8)][0m     at AndroidUiautomator2Driver.findElOrEls (/Users/sonutitus/.appium/node_modules/appium-uiautomator2-driver/node_modules/appium-android-driver/lib/commands/find.ts:86:11)
[38;5;48m[AndroidUiautomator2Driver@c54f (d7302db8)][0m     at processTicksAndRejections (node:internal/process/task_queues:95:5)
[38;5;48m[AndroidUiautomator2Driver@c54f (d7302db8)][0m     at async AndroidUiautomator2Driver.findElOrElsWithProcessing (/Users/sonutitus/node_modules/@appium/base-driver/lib/basedriver/commands/find.ts:60:12)
[38;5;48m[AndroidUiautomator2Driver@c54f (d7302db8)][0m     at async AndroidUiautomator2Driver.findElement (/Users/sonutitus/node_modules/@appium/base-driver/lib/basedriver/commands/find.ts:75:12)
[38;5;0m[HTTP][0m [37m<-- POST /session/d7302db8-2f3b-42ea-86fa-a0bfec770829/element [39m[33m404[39m [90m62 ms - 790[39m
[38;5;0m[HTTP][0m [90m[39m
[38;5;0m[HTTP][0m [37m-->[39m [37mPOST[39m [37m/session/d7302db8-2f3b-42ea-86fa-a0bfec770829/element[39m
[38;5;0m[HTTP][0m [90m{"using":"accessibility id","value":"Username input field"}[39m
[38;5;48m[AndroidUiautomator2Driver@c54f (d7302db8)][0m Calling AppiumDriver.findElement() with args: ["accessibility id","Username input field","d7302db8-2f3b-42ea-86fa-a0bfec770829"]
[38;5;48m[AndroidUiautomator2Driver@c54f (d7302db8)][0m Valid locator strategies for this request: xpath, id, class name, accessibility id, css selector, -android uiautomator
[38;5;48m[AndroidUiautomator2Driver@c54f (d7302db8)][0m Waiting up to 0 ms for condition
[38;5;48m[AndroidUiautomator2Driver@c54f (d7302db8)][0m Matched '/element' to command name 'findElement'
[38;5;48m[AndroidUiautomator2Driver@c54f (d7302db8)][0m Proxying [POST /element] to [POST http://127.0.0.1:8201/session/60416aef-3367-4989-b482-2708683d9ad9/element] with body: {"strategy":"accessibility id","selector":"Username input field","context":"","multiple":false}
[38;5;48m[AndroidUiautomator2Driver@c54f (d7302db8)][0m Got response with status 200: {"sessionId":"60416aef-3367-4989-b482-2708683d9ad9","value":{"ELEMENT":"00000000-0000-0058-ffff-ffff000003d4","element-6066-11e4-a52e-4f735466cecf":"00000000-0000-0058-ffff-ffff000003d4"}}
[38;5;48m[AndroidUiautomator2Driver@c54f (d7302db8)][0m Responding to client with driver.findElement() result: {"element-6066-11e4-a52e-4f735466cecf":"00000000-0000-0058-ffff-ffff000003d4","ELEMENT":"00000000-0000-0058-ffff-ffff000003d4"}
[38;5;0m[HTTP][0m [37m<-- POST /session/d7302db8-2f3b-42ea-86fa-a0bfec770829/element [39m[32m200[39m [90m1385 ms - 137[39m
[38;5;0m[HTTP][0m [90m[39m
[38;5;0m[HTTP][0m [37m-->[39m [37mGET[39m [37m/session/d7302db8-2f3b-42ea-86fa-a0bfec770829/element/00000000-0000-0058-ffff-ffff000003d4/displayed[39m
[38;5;0m[HTTP][0m [90m{}[39m
[38;5;48m[AndroidUiautomator2Driver@c54f (d7302db8)][0m Calling AppiumDriver.elementDisplayed() with args: ["00000000-0000-0058-ffff-ffff000003d4","d7302db8-2f3b-42ea-86fa-a0bfec770829"]
[38;5;48m[AndroidUiautomator2Driver@c54f (d7302db8)][0m Matched '/element/00000000-0000-0058-ffff-ffff000003d4/attribute/displayed' to command name 'getAttribute'
[38;5;48m[AndroidUiautomator2Driver@c54f (d7302db8)][0m Proxying [GET /element/00000000-0000-0058-ffff-ffff000003d4/attribute/displayed] to [GET http://127.0.0.1:8201/session/60416aef-3367-4989-b482-2708683d9ad9/element/00000000-0000-0058-ffff-ffff000003d4/attribute/displayed] with no body
[38;5;48m[AndroidUiautomator2Driver@c54f (d7302db8)][0m Got response with status 200: {"sessionId":"60416aef-3367-4989-b482-2708683d9ad9","value":"true"}
[38;5;48m[AndroidUiautomator2Driver@c54f (d7302db8)][0m Responding to client with driver.elementDisplayed() result: true
[38;5;0m[HTTP][0m [37m<-- GET /session/d7302db8-2f3b-42ea-86fa-a0bfec770829/element/00000000-0000-0058-ffff-ffff000003d4/displayed [39m[32m200[39m [90m11 ms - 14[39m
[38;5;0m[HTTP][0m [90m[39m
[38;5;0m[HTTP][0m [37m-->[39m [37mPOST[39m [37m/session/d7302db8-2f3b-42ea-86fa-a0bfec770829/element[39m
[38;5;0m[HTTP][0m [90m{"using":"accessibility id","value":"Username input field"}[39m
[38;5;48m[AndroidUiautomator2Driver@c54f (d7302db8)][0m Calling AppiumDriver.findElement() with args: ["accessibility id","Username input field","d7302db8-2f3b-42ea-86fa-a0bfec770829"]
[38;5;48m[AndroidUiautomator2Driver@c54f (d7302db8)][0m Valid locator strategies for this request: xpath, id, class name, accessibility id, css selector, -android uiautomator
[38;5;48m[AndroidUiautomator2Driver@c54f (d7302db8)][0m Waiting up to 0 ms for condition
[38;5;48m[AndroidUiautomator2Driver@c54f (d7302db8)][0m Matched '/element' to command name 'findElement'
[38;5;48m[AndroidUiautomator2Driver@c54f (d7302db8)][0m Proxying [POST /element] to [POST http://127.0.0.1:8201/session/60416aef-3367-4989-b482-2708683d9ad9/element] with body: {"strategy":"accessibility id","selector":"Username input field","context":"","multiple":false}
[38;5;48m[AndroidUiautomator2Driver@c54f (d7302db8)][0m Got response with status 200: {"sessionId":"60416aef-3367-4989-b482-2708683d9ad9","value":{"ELEMENT":"00000000-0000-0058-ffff-ffff000003d4","element-6066-11e4-a52e-4f735466cecf":"00000000-0000-0058-ffff-ffff000003d4"}}
[38;5;48m[AndroidUiautomator2Driver@c54f (d7302db8)][0m Responding to client with driver.findElement() result: {"element-6066-11e4-a52e-4f735466cecf":"00000000-0000-0058-ffff-ffff000003d4","ELEMENT":"00000000-0000-0058-ffff-ffff000003d4"}
[38;5;0m[HTTP][0m [37m<-- POST /session/d7302db8-2f3b-42ea-86fa-a0bfec770829/element [39m[32m200[39m [90m14 ms - 137[39m
[38;5;0m[HTTP][0m [90m[39m
[38;5;0m[HTTP][0m [37m-->[39m [37mPOST[39m [37m/session/d7302db8-2f3b-42ea-86fa-a0bfec770829/element/00000000-0000-0058-ffff-ffff000003d4/click[39m
[38;5;0m[HTTP][0m [90m{}[39m
[38;5;48m[AndroidUiautomator2Driver@c54f (d7302db8)][0m Calling AppiumDriver.click() with args: ["00000000-0000-0058-ffff-ffff000003d4","d7302db8-2f3b-42ea-86fa-a0bfec770829"]
[38;5;48m[AndroidUiautomator2Driver@c54f (d7302db8)][0m Matched '/element/00000000-0000-0058-ffff-ffff000003d4/click' to command name 'click'
[38;5;48m[AndroidUiautomator2Driver@c54f (d7302db8)][0m Proxying [POST /element/00000000-0000-0058-ffff-ffff000003d4/click] to [POST http://127.0.0.1:8201/session/60416aef-3367-4989-b482-2708683d9ad9/element/00000000-0000-0058-ffff-ffff000003d4/click] with body: {"element":"00000000-0000-0058-ffff-ffff000003d4"}
[38;5;48m[AndroidUiautomator2Driver@c54f (d7302db8)][0m Got response with status 200: {"sessionId":"60416aef-3367-4989-b482-2708683d9ad9","value":null}
[38;5;48m[AndroidUiautomator2Driver@c54f (d7302db8)][0m Responding to client with driver.click() result: null
[38;5;0m[HTTP][0m [37m<-- POST /session/d7302db8-2f3b-42ea-86fa-a0bfec770829/element/00000000-0000-0058-ffff-ffff000003d4/click [39m[32m200[39m [90m942 ms - 14[39m
[38;5;0m[HTTP][0m [90m[39m
[38;5;0m[HTTP][0m [37m-->[39m [37mPOST[39m [37m/session/d7302db8-2f3b-42ea-86fa-a0bfec770829/element[39m
[38;5;0m[HTTP][0m [90m{"using":"accessibility id","value":"Username input field"}[39m
[38;5;48m[AndroidUiautomator2Driver@c54f (d7302db8)][0m Calling AppiumDriver.findElement() with args: ["accessibility id","Username input field","d7302db8-2f3b-42ea-86fa-a0bfec770829"]
[38;5;48m[AndroidUiautomator2Driver@c54f (d7302db8)][0m Valid locator strategies for this request: xpath, id, class name, accessibility id, css selector, -android uiautomator
[38;5;48m[AndroidUiautomator2Driver@c54f (d7302db8)][0m Waiting up to 0 ms for condition
[38;5;48m[AndroidUiautomator2Driver@c54f (d7302db8)][0m Matched '/element' to command name 'findElement'
[38;5;48m[AndroidUiautomator2Driver@c54f (d7302db8)][0m Proxying [POST /element] to [POST http://127.0.0.1:8201/session/60416aef-3367-4989-b482-2708683d9ad9/element] with body: {"strategy":"accessibility id","selector":"Username input field","context":"","multiple":false}
[38;5;48m[AndroidUiautomator2Driver@c54f (d7302db8)][0m Got response with status 200: {"sessionId":"60416aef-3367-4989-b482-2708683d9ad9","value":{"ELEMENT":"00000000-0000-0058-ffff-ffff000003d4","element-6066-11e4-a52e-4f735466cecf":"00000000-0000-0058-ffff-ffff000003d4"}}
[38;5;48m[AndroidUiautomator2Driver@c54f (d7302db8)][0m Responding to client with driver.findElement() result: {"element-6066-11e4-a52e-4f735466cecf":"00000000-0000-0058-ffff-ffff000003d4","ELEMENT":"00000000-0000-0058-ffff-ffff000003d4"}
[38;5;0m[HTTP][0m [37m<-- POST /session/d7302db8-2f3b-42ea-86fa-a0bfec770829/element [39m[32m200[39m [90m28 ms - 137[39m
[38;5;0m[HTTP][0m [90m[39m
[38;5;0m[HTTP][0m [37m-->[39m [37mPOST[39m [37m/session/d7302db8-2f3b-42ea-86fa-a0bfec770829/element/00000000-0000-0058-ffff-ffff000003d4/clear[39m
[38;5;0m[HTTP][0m [90m{}[39m
[38;5;48m[AndroidUiautomator2Driver@c54f (d7302db8)][0m Calling AppiumDriver.clear() with args: ["00000000-0000-0058-ffff-ffff000003d4","d7302db8-2f3b-42ea-86fa-a0bfec770829"]
[38;5;48m[AndroidUiautomator2Driver@c54f (d7302db8)][0m Matched '/element/00000000-0000-0058-ffff-ffff000003d4/clear' to command name 'clear'
[38;5;48m[AndroidUiautomator2Driver@c54f (d7302db8)][0m Proxying [POST /element/00000000-0000-0058-ffff-ffff000003d4/clear] to [POST http://127.0.0.1:8201/session/60416aef-3367-4989-b482-2708683d9ad9/element/00000000-0000-0058-ffff-ffff000003d4/clear] with body: {"elementId":"00000000-0000-0058-ffff-ffff000003d4"}
[38;5;48m[AndroidUiautomator2Driver@c54f (d7302db8)][0m Got response with status 200: {"sessionId":"60416aef-3367-4989-b482-2708683d9ad9","value":null}
[38;5;48m[AndroidUiautomator2Driver@c54f (d7302db8)][0m Responding to client with driver.clear() result: null
[38;5;0m[HTTP][0m [37m<-- POST /session/d7302db8-2f3b-42ea-86fa-a0bfec770829/element/00000000-0000-0058-ffff-ffff000003d4/clear [39m[32m200[39m [90m11 ms - 14[39m
[38;5;0m[HTTP][0m [90m[39m
[38;5;0m[HTTP][0m [37m-->[39m [37mPOST[39m [37m/session/d7302db8-2f3b-42ea-86fa-a0bfec770829/element/00000000-0000-0058-ffff-ffff000003d4/value[39m
[38;5;0m[HTTP][0m [90m{"text":""}[39m
[38;5;48m[AndroidUiautomator2Driver@c54f (d7302db8)][0m Calling AppiumDriver.setValue() with args: ["","00000000-0000-0058-ffff-ffff000003d4","d7302db8-2f3b-42ea-86fa-a0bfec770829"]
[38;5;48m[AndroidUiautomator2Driver@c54f (d7302db8)][0m Matched '/element/00000000-0000-0058-ffff-ffff000003d4/value' to command name 'setValue'
[38;5;48m[AndroidUiautomator2Driver@c54f (d7302db8)][0m Added 'value' property [] to 'setValue' request body
[38;5;48m[AndroidUiautomator2Driver@c54f (d7302db8)][0m Proxying [POST /element/00000000-0000-0058-ffff-ffff000003d4/value] to [POST http://127.0.0.1:8201/session/60416aef-3367-4989-b482-2708683d9ad9/element/00000000-0000-0058-ffff-ffff000003d4/value] with body: {"elementId":"00000000-0000-0058-ffff-ffff000003d4","text":"","replace":false,"value":[]}
[38;5;48m[AndroidUiautomator2Driver@c54f (d7302db8)][0m Got response with status 200: {"sessionId":"60416aef-3367-4989-b482-2708683d9ad9","value":null}
[38;5;48m[AndroidUiautomator2Driver@c54f (d7302db8)][0m Responding to client with driver.setValue() result: null
[38;5;0m[HTTP][0m [37m<-- POST /session/d7302db8-2f3b-42ea-86fa-a0bfec770829/element/00000000-0000-0058-ffff-ffff000003d4/value [39m[32m200[39m [90m624 ms - 14[39m
[38;5;0m[HTTP][0m [90m[39m
[38;5;0m[HTTP][0m [37m-->[39m [37mPOST[39m [37m/session/d7302db8-2f3b-42ea-86fa-a0bfec770829/element[39m
[38;5;0m[HTTP][0m [90m{"using":"accessibility id","value":"Username input field"}[39m
[38;5;48m[AndroidUiautomator2Driver@c54f (d7302db8)][0m Calling AppiumDriver.findElement() with args: ["accessibility id","Username input field","d7302db8-2f3b-42ea-86fa-a0bfec770829"]
[38;5;48m[AndroidUiautomator2Driver@c54f (d7302db8)][0m Valid locator strategies for this request: xpath, id, class name, accessibility id, css selector, -android uiautomator
[38;5;48m[AndroidUiautomator2Driver@c54f (d7302db8)][0m Waiting up to 0 ms for condition
[38;5;48m[AndroidUiautomator2Driver@c54f (d7302db8)][0m Matched '/element' to command name 'findElement'
[38;5;48m[AndroidUiautomator2Driver@c54f (d7302db8)][0m Proxying [POST /element] to [POST http://127.0.0.1:8201/session/60416aef-3367-4989-b482-2708683d9ad9/element] with body: {"strategy":"accessibility id","selector":"Username input field","context":"","multiple":false}
[38;5;48m[AndroidUiautomator2Driver@c54f (d7302db8)][0m Got response with status 200: {"sessionId":"60416aef-3367-4989-b482-2708683d9ad9","value":{"ELEMENT":"00000000-0000-0058-ffff-ffff000003d4","element-6066-11e4-a52e-4f735466cecf":"00000000-0000-0058-ffff-ffff000003d4"}}
[38;5;48m[AndroidUiautomator2Driver@c54f (d7302db8)][0m Responding to client with driver.findElement() result: {"element-6066-11e4-a52e-4f735466cecf":"00000000-0000-0058-ffff-ffff000003d4","ELEMENT":"00000000-0000-0058-ffff-ffff000003d4"}
[38;5;0m[HTTP][0m [37m<-- POST /session/d7302db8-2f3b-42ea-86fa-a0bfec770829/element [39m[32m200[39m [90m640 ms - 137[39m
[38;5;0m[HTTP][0m [90m[39m
[38;5;0m[HTTP][0m [37m-->[39m [37mPOST[39m [37m/session/d7302db8-2f3b-42ea-86fa-a0bfec770829/element/00000000-0000-0058-ffff-ffff000003d4/clear[39m
[38;5;0m[HTTP][0m [90m{}[39m
[38;5;48m[AndroidUiautomator2Driver@c54f (d7302db8)][0m Calling AppiumDriver.clear() with args: ["00000000-0000-0058-ffff-ffff000003d4","d7302db8-2f3b-42ea-86fa-a0bfec770829"]
[38;5;48m[AndroidUiautomator2Driver@c54f (d7302db8)][0m Matched '/element/00000000-0000-0058-ffff-ffff000003d4/clear' to command name 'clear'
[38;5;48m[AndroidUiautomator2Driver@c54f (d7302db8)][0m Proxying [POST /element/00000000-0000-0058-ffff-ffff000003d4/clear] to [POST http://127.0.0.1:8201/session/60416aef-3367-4989-b482-2708683d9ad9/element/00000000-0000-0058-ffff-ffff000003d4/clear] with body: {"elementId":"00000000-0000-0058-ffff-ffff000003d4"}
[38;5;48m[AndroidUiautomator2Driver@c54f (d7302db8)][0m Got response with status 200: {"sessionId":"60416aef-3367-4989-b482-2708683d9ad9","value":null}
[38;5;48m[AndroidUiautomator2Driver@c54f (d7302db8)][0m Responding to client with driver.clear() result: null
[38;5;0m[HTTP][0m [37m<-- POST /session/d7302db8-2f3b-42ea-86fa-a0bfec770829/element/00000000-0000-0058-ffff-ffff000003d4/clear [39m[32m200[39m [90m11 ms - 14[39m
[38;5;0m[HTTP][0m [90m[39m
[38;5;0m[HTTP][0m [37m-->[39m [37mPOST[39m [37m/session/d7302db8-2f3b-42ea-86fa-a0bfec770829/element/00000000-0000-0058-ffff-ffff000003d4/value[39m
[38;5;0m[HTTP][0m [90m{"text":"bob@example.com"}[39m
[38;5;48m[AndroidUiautomator2Driver@c54f (d7302db8)][0m Calling AppiumDriver.setValue() with args: ["bob@example.com","00000000-0000-0058-ffff-ffff000003d4","d7302db8-2f3b-42ea-86fa-a0bfec770829"]
[38;5;48m[AndroidUiautomator2Driver@c54f (d7302db8)][0m Matched '/element/00000000-0000-0058-ffff-ffff000003d4/value' to command name 'setValue'
[38;5;48m[AndroidUiautomator2Driver@c54f (d7302db8)][0m Added 'value' property ["b","o","b","@","e","x","a","m","p","l","e",".","c","o","m"] to 'setValue' request body
[38;5;48m[AndroidUiautomator2Driver@c54f (d7302db8)][0m Proxying [POST /element/00000000-0000-0058-ffff-ffff000003d4/value] to [POST http://127.0.0.1:8201/session/60416aef-3367-4989-b482-2708683d9ad9/element/00000000-0000-0058-ffff-ffff000003d4/value] with body: {"elementId":"00000000-0000-0058-ffff-ffff000003d4","text":"bob@example.com","replace":false,"value":["b","o","b","@","e","x","a","m","p","l","e",".","c","o","m"]}
[38;5;48m[AndroidUiautomator2Driver@c54f (d7302db8)][0m Got response with status 200: {"sessionId":"60416aef-3367-4989-b482-2708683d9ad9","value":null}
[38;5;48m[AndroidUiautomator2Driver@c54f (d7302db8)][0m Responding to client with driver.setValue() result: null
[38;5;0m[HTTP][0m [37m<-- POST /session/d7302db8-2f3b-42ea-86fa-a0bfec770829/element/00000000-0000-0058-ffff-ffff000003d4/value [39m[32m200[39m [90m638 ms - 14[39m
[38;5;0m[HTTP][0m [90m[39m
[38;5;0m[HTTP][0m [37m-->[39m [37mPOST[39m [37m/session/d7302db8-2f3b-42ea-86fa-a0bfec770829/element[39m
[38;5;0m[HTTP][0m [90m{"using":"accessibility id","value":"Password input field"}[39m
[38;5;48m[AndroidUiautomator2Driver@c54f (d7302db8)][0m Calling AppiumDriver.findElement() with args: ["accessibility id","Password input field","d7302db8-2f3b-42ea-86fa-a0bfec770829"]
[38;5;48m[AndroidUiautomator2Driver@c54f (d7302db8)][0m Valid locator strategies for this request: xpath, id, class name, accessibility id, css selector, -android uiautomator
[38;5;48m[AndroidUiautomator2Driver@c54f (d7302db8)][0m Waiting up to 0 ms for condition
[38;5;48m[AndroidUiautomator2Driver@c54f (d7302db8)][0m Matched '/element' to command name 'findElement'
[38;5;48m[AndroidUiautomator2Driver@c54f (d7302db8)][0m Proxying [POST /element] to [POST http://127.0.0.1:8201/session/60416aef-3367-4989-b482-2708683d9ad9/element] with body: {"strategy":"accessibility id","selector":"Password input field","context":"","multiple":false}
[38;5;48m[AndroidUiautomator2Driver@c54f (d7302db8)][0m Got response with status 200: {"sessionId":"60416aef-3367-4989-b482-2708683d9ad9","value":{"ELEMENT":"00000000-0000-0058-ffff-ffff000003d7","element-6066-11e4-a52e-4f735466cecf":"00000000-0000-0058-ffff-ffff000003d7"}}
[38;5;48m[AndroidUiautomator2Driver@c54f (d7302db8)][0m Responding to client with driver.findElement() result: {"element-6066-11e4-a52e-4f735466cecf":"00000000-0000-0058-ffff-ffff000003d7","ELEMENT":"00000000-0000-0058-ffff-ffff000003d7"}
[38;5;0m[HTTP][0m [37m<-- POST /session/d7302db8-2f3b-42ea-86fa-a0bfec770829/element [39m[32m200[39m [90m645 ms - 137[39m
[38;5;0m[HTTP][0m [90m[39m
[38;5;0m[HTTP][0m [37m-->[39m [37mPOST[39m [37m/session/d7302db8-2f3b-42ea-86fa-a0bfec770829/element/00000000-0000-0058-ffff-ffff000003d7/click[39m
[38;5;0m[HTTP][0m [90m{}[39m
[38;5;48m[AndroidUiautomator2Driver@c54f (d7302db8)][0m Calling AppiumDriver.click() with args: ["00000000-0000-0058-ffff-ffff000003d7","d7302db8-2f3b-42ea-86fa-a0bfec770829"]
[38;5;48m[AndroidUiautomator2Driver@c54f (d7302db8)][0m Matched '/element/00000000-0000-0058-ffff-ffff000003d7/click' to command name 'click'
[38;5;48m[AndroidUiautomator2Driver@c54f (d7302db8)][0m Proxying [POST /element/00000000-0000-0058-ffff-ffff000003d7/click] to [POST http://127.0.0.1:8201/session/60416aef-3367-4989-b482-2708683d9ad9/element/00000000-0000-0058-ffff-ffff000003d7/click] with body: {"element":"00000000-0000-0058-ffff-ffff000003d7"}
[38;5;48m[AndroidUiautomator2Driver@c54f (d7302db8)][0m Got response with status 200: {"sessionId":"60416aef-3367-4989-b482-2708683d9ad9","value":null}
[38;5;48m[AndroidUiautomator2Driver@c54f (d7302db8)][0m Responding to client with driver.click() result: null
[38;5;0m[HTTP][0m [37m<-- POST /session/d7302db8-2f3b-42ea-86fa-a0bfec770829/element/00000000-0000-0058-ffff-ffff000003d7/click [39m[32m200[39m [90m665 ms - 14[39m
[38;5;0m[HTTP][0m [90m[39m
[38;5;0m[HTTP][0m [37m-->[39m [37mPOST[39m [37m/session/d7302db8-2f3b-42ea-86fa-a0bfec770829/element[39m
[38;5;0m[HTTP][0m [90m{"using":"accessibility id","value":"Password input field"}[39m
[38;5;48m[AndroidUiautomator2Driver@c54f (d7302db8)][0m Calling AppiumDriver.findElement() with args: ["accessibility id","Password input field","d7302db8-2f3b-42ea-86fa-a0bfec770829"]
[38;5;48m[AndroidUiautomator2Driver@c54f (d7302db8)][0m Valid locator strategies for this request: xpath, id, class name, accessibility id, css selector, -android uiautomator
[38;5;48m[AndroidUiautomator2Driver@c54f (d7302db8)][0m Waiting up to 0 ms for condition
[38;5;48m[AndroidUiautomator2Driver@c54f (d7302db8)][0m Matched '/element' to command name 'findElement'
[38;5;48m[AndroidUiautomator2Driver@c54f (d7302db8)][0m Proxying [POST /element] to [POST http://127.0.0.1:8201/session/60416aef-3367-4989-b482-2708683d9ad9/element] with body: {"strategy":"accessibility id","selector":"Password input field","context":"","multiple":false}
[38;5;48m[AndroidUiautomator2Driver@c54f (d7302db8)][0m Got response with status 200: {"sessionId":"60416aef-3367-4989-b482-2708683d9ad9","value":{"ELEMENT":"00000000-0000-0058-ffff-ffff000003d7","element-6066-11e4-a52e-4f735466cecf":"00000000-0000-0058-ffff-ffff000003d7"}}
[38;5;48m[AndroidUiautomator2Driver@c54f (d7302db8)][0m Responding to client with driver.findElement() result: {"element-6066-11e4-a52e-4f735466cecf":"00000000-0000-0058-ffff-ffff000003d7","ELEMENT":"00000000-0000-0058-ffff-ffff000003d7"}
[38;5;0m[HTTP][0m [37m<-- POST /session/d7302db8-2f3b-42ea-86fa-a0bfec770829/element [39m[32m200[39m [90m31 ms - 137[39m
[38;5;0m[HTTP][0m [90m[39m
[38;5;0m[HTTP][0m [37m-->[39m [37mPOST[39m [37m/session/d7302db8-2f3b-42ea-86fa-a0bfec770829/element/00000000-0000-0058-ffff-ffff000003d7/clear[39m
[38;5;0m[HTTP][0m [90m{}[39m
[38;5;48m[AndroidUiautomator2Driver@c54f (d7302db8)][0m Calling AppiumDriver.clear() with args: ["00000000-0000-0058-ffff-ffff000003d7","d7302db8-2f3b-42ea-86fa-a0bfec770829"]
[38;5;48m[AndroidUiautomator2Driver@c54f (d7302db8)][0m Matched '/element/00000000-0000-0058-ffff-ffff000003d7/clear' to command name 'clear'
[38;5;48m[AndroidUiautomator2Driver@c54f (d7302db8)][0m Proxying [POST /element/00000000-0000-0058-ffff-ffff000003d7/clear] to [POST http://127.0.0.1:8201/session/60416aef-3367-4989-b482-2708683d9ad9/element/00000000-0000-0058-ffff-ffff000003d7/clear] with body: {"elementId":"00000000-0000-0058-ffff-ffff000003d7"}
[38;5;48m[AndroidUiautomator2Driver@c54f (d7302db8)][0m Got response with status 200: {"sessionId":"60416aef-3367-4989-b482-2708683d9ad9","value":null}
[38;5;48m[AndroidUiautomator2Driver@c54f (d7302db8)][0m Responding to client with driver.clear() result: null
[38;5;0m[HTTP][0m [37m<-- POST /session/d7302db8-2f3b-42ea-86fa-a0bfec770829/element/00000000-0000-0058-ffff-ffff000003d7/clear [39m[32m200[39m [90m13 ms - 14[39m
[38;5;0m[HTTP][0m [90m[39m
[38;5;0m[HTTP][0m [37m-->[39m [37mPOST[39m [37m/session/d7302db8-2f3b-42ea-86fa-a0bfec770829/element/00000000-0000-0058-ffff-ffff000003d7/value[39m
[38;5;0m[HTTP][0m [90m{"text":"10203040"}[39m
[38;5;48m[AndroidUiautomator2Driver@c54f (d7302db8)][0m Calling AppiumDriver.setValue() with args: ["10203040","00000000-0000-0058-ffff-ffff000003d7","d7302db8-2f3b-42ea-86fa-a0bfec770829"]
[38;5;48m[AndroidUiautomator2Driver@c54f (d7302db8)][0m Matched '/element/00000000-0000-0058-ffff-ffff000003d7/value' to command name 'setValue'
[38;5;48m[AndroidUiautomator2Driver@c54f (d7302db8)][0m Added 'value' property ["1","0","2","0","3","0","4","0"] to 'setValue' request body
[38;5;48m[AndroidUiautomator2Driver@c54f (d7302db8)][0m Proxying [POST /element/00000000-0000-0058-ffff-ffff000003d7/value] to [POST http://127.0.0.1:8201/session/60416aef-3367-4989-b482-2708683d9ad9/element/00000000-0000-0058-ffff-ffff000003d7/value] with body: {"elementId":"00000000-0000-0058-ffff-ffff000003d7","text":"10203040","replace":false,"value":["1","0","2","0","3","0","4","0"]}
[38;5;48m[AndroidUiautomator2Driver@c54f (d7302db8)][0m Got response with status 200: {"sessionId":"60416aef-3367-4989-b482-2708683d9ad9","value":null}
[38;5;48m[AndroidUiautomator2Driver@c54f (d7302db8)][0m Responding to client with driver.setValue() result: null
[38;5;0m[HTTP][0m [37m<-- POST /session/d7302db8-2f3b-42ea-86fa-a0bfec770829/element/00000000-0000-0058-ffff-ffff000003d7/value [39m[32m200[39m [90m615 ms - 14[39m
[38;5;0m[HTTP][0m [90m[39m
[38;5;0m[HTTP][0m [37m-->[39m [37mPOST[39m [37m/session/d7302db8-2f3b-42ea-86fa-a0bfec770829/actions[39m
[38;5;0m[HTTP][0m [90m{"actions":[{"id":"action1","type":"key","parameters":{},"actions":[{"type":"keyDown","value":""},{"type":"pause","duration":10},{"type":"keyUp","value":""}]}]}[39m
[38;5;48m[AndroidUiautomator2Driver@c54f (d7302db8)][0m Calling AppiumDriver.performActions() with args: [[{"id":"action1","type":"key","parameters":{},"actions":[{"type":"keyDown","value":""},{"type":"pause","duration":10},{"type":"keyUp","value":""}]}],"d7302db8-2f3b-42ea-86fa-a0bfec770829"]
[38;5;48m[AndroidUiautomator2Driver@c54f (d7302db8)][0m Preprocessed actions: [
[38;5;48m[AndroidUiautomator2Driver@c54f (d7302db8)][0m   {
[38;5;48m[AndroidUiautomator2Driver@c54f (d7302db8)][0m     "id": "action1",
[38;5;48m[AndroidUiautomator2Driver@c54f (d7302db8)][0m     "type": "key",
[38;5;48m[AndroidUiautomator2Driver@c54f (d7302db8)][0m     "parameters": {},
[38;5;48m[AndroidUiautomator2Driver@c54f (d7302db8)][0m     "actions": [
[38;5;48m[AndroidUiautomator2Driver@c54f (d7302db8)][0m       {
[38;5;48m[AndroidUiautomator2Driver@c54f (d7302db8)][0m         "type": "keyDown",
[38;5;48m[AndroidUiautomator2Driver@c54f (d7302db8)][0m         "value": ""
[38;5;48m[AndroidUiautomator2Driver@c54f (d7302db8)][0m       },
[38;5;48m[AndroidUiautomator2Driver@c54f (d7302db8)][0m       {
[38;5;48m[AndroidUiautomator2Driver@c54f (d7302db8)][0m         "type": "pause",
[38;5;48m[AndroidUiautomator2Driver@c54f (d7302db8)][0m         "duration": 10
[38;5;48m[AndroidUiautomator2Driver@c54f (d7302db8)][0m       },
[38;5;48m[AndroidUiautomator2Driver@c54f (d7302db8)][0m       {
[38;5;48m[AndroidUiautomator2Driver@c54f (d7302db8)][0m         "type": "keyUp",
[38;5;48m[AndroidUiautomator2Driver@c54f (d7302db8)][0m         "value": ""
[38;5;48m[AndroidUiautomator2Driver@c54f (d7302db8)][0m       }
[38;5;48m[AndroidUiautomator2Driver@c54f (d7302db8)][0m     ]
[38;5;48m[AndroidUiautomator2Driver@c54f (d7302db8)][0m   }
[38;5;48m[AndroidUiautomator2Driver@c54f (d7302db8)][0m ]
[38;5;48m[AndroidUiautomator2Driver@c54f (d7302db8)][0m Matched '/actions' to command name 'performActions'
[38;5;48m[AndroidUiautomator2Driver@c54f (d7302db8)][0m Proxying [POST /actions] to [POST http://127.0.0.1:8201/session/60416aef-3367-4989-b482-2708683d9ad9/actions] with body: {"actions":[{"id":"action1","type":"key","parameters":{},"actions":[{"type":"keyDown","value":""},{"type":"pause","duration":10},{"type":"keyUp","value":""}]}]}
[38;5;48m[AndroidUiautomator2Driver@c54f (d7302db8)][0m Got response with status 200: {"sessionId":"60416aef-3367-4989-b482-2708683d9ad9","value":null}
[38;5;48m[AndroidUiautomator2Driver@c54f (d7302db8)][0m Responding to client with driver.performActions() result: null
[38;5;0m[HTTP][0m [37m<-- POST /session/d7302db8-2f3b-42ea-86fa-a0bfec770829/actions [39m[32m200[39m [90m80 ms - 14[39m
[38;5;0m[HTTP][0m [90m[39m
[38;5;0m[HTTP][0m [37m-->[39m [37mPOST[39m [37m/session/d7302db8-2f3b-42ea-86fa-a0bfec770829/element[39m
[38;5;0m[HTTP][0m [90m{"using":"accessibility id","value":"Login button"}[39m
[38;5;48m[AndroidUiautomator2Driver@c54f (d7302db8)][0m Calling AppiumDriver.findElement() with args: ["accessibility id","Login button","d7302db8-2f3b-42ea-86fa-a0bfec770829"]
[38;5;48m[AndroidUiautomator2Driver@c54f (d7302db8)][0m Valid locator strategies for this request: xpath, id, class name, accessibility id, css selector, -android uiautomator
[38;5;48m[AndroidUiautomator2Driver@c54f (d7302db8)][0m Waiting up to 0 ms for condition
[38;5;48m[AndroidUiautomator2Driver@c54f (d7302db8)][0m Matched '/element' to command name 'findElement'
[38;5;48m[AndroidUiautomator2Driver@c54f (d7302db8)][0m Proxying [POST /element] to [POST http://127.0.0.1:8201/session/60416aef-3367-4989-b482-2708683d9ad9/element] with body: {"strategy":"accessibility id","selector":"Login button","context":"","multiple":false}
[38;5;48m[AndroidUiautomator2Driver@c54f (d7302db8)][0m Got response with status 200: {"sessionId":"60416aef-3367-4989-b482-2708683d9ad9","value":{"ELEMENT":"00000000-0000-0058-ffff-ffff000003da","element-6066-11e4-a52e-4f735466cecf":"00000000-0000-0058-ffff-ffff000003da"}}
[38;5;48m[AndroidUiautomator2Driver@c54f (d7302db8)][0m Responding to client with driver.findElement() result: {"element-6066-11e4-a52e-4f735466cecf":"00000000-0000-0058-ffff-ffff000003da","ELEMENT":"00000000-0000-0058-ffff-ffff000003da"}
[38;5;0m[HTTP][0m [37m<-- POST /session/d7302db8-2f3b-42ea-86fa-a0bfec770829/element [39m[32m200[39m [90m722 ms - 137[39m
[38;5;0m[HTTP][0m [90m[39m
[38;5;0m[HTTP][0m [37m-->[39m [37mGET[39m [37m/session/d7302db8-2f3b-42ea-86fa-a0bfec770829/element/00000000-0000-0058-ffff-ffff000003da/displayed[39m
[38;5;0m[HTTP][0m [90m{}[39m
[38;5;48m[AndroidUiautomator2Driver@c54f (d7302db8)][0m Calling AppiumDriver.elementDisplayed() with args: ["00000000-0000-0058-ffff-ffff000003da","d7302db8-2f3b-42ea-86fa-a0bfec770829"]
[38;5;48m[AndroidUiautomator2Driver@c54f (d7302db8)][0m Matched '/element/00000000-0000-0058-ffff-ffff000003da/attribute/displayed' to command name 'getAttribute'
[38;5;48m[AndroidUiautomator2Driver@c54f (d7302db8)][0m Proxying [GET /element/00000000-0000-0058-ffff-ffff000003da/attribute/displayed] to [GET http://127.0.0.1:8201/session/60416aef-3367-4989-b482-2708683d9ad9/element/00000000-0000-0058-ffff-ffff000003da/attribute/displayed] with no body
[38;5;48m[AndroidUiautomator2Driver@c54f (d7302db8)][0m Got response with status 200: {"sessionId":"60416aef-3367-4989-b482-2708683d9ad9","value":"true"}
[38;5;48m[AndroidUiautomator2Driver@c54f (d7302db8)][0m Responding to client with driver.elementDisplayed() result: true
[38;5;0m[HTTP][0m [37m<-- GET /session/d7302db8-2f3b-42ea-86fa-a0bfec770829/element/00000000-0000-0058-ffff-ffff000003da/displayed [39m[32m200[39m [90m7 ms - 14[39m
[38;5;0m[HTTP][0m [90m[39m
[38;5;0m[HTTP][0m [37m-->[39m [37mPOST[39m [37m/session/d7302db8-2f3b-42ea-86fa-a0bfec770829/element[39m
[38;5;0m[HTTP][0m [90m{"using":"accessibility id","value":"Login button"}[39m
[38;5;48m[AndroidUiautomator2Driver@c54f (d7302db8)][0m Calling AppiumDriver.findElement() with args: ["accessibility id","Login button","d7302db8-2f3b-42ea-86fa-a0bfec770829"]
[38;5;48m[AndroidUiautomator2Driver@c54f (d7302db8)][0m Valid locator strategies for this request: xpath, id, class name, accessibility id, css selector, -android uiautomator
[38;5;48m[AndroidUiautomator2Driver@c54f (d7302db8)][0m Waiting up to 0 ms for condition
[38;5;48m[AndroidUiautomator2Driver@c54f (d7302db8)][0m Matched '/element' to command name 'findElement'
[38;5;48m[AndroidUiautomator2Driver@c54f (d7302db8)][0m Proxying [POST /element] to [POST http://127.0.0.1:8201/session/60416aef-3367-4989-b482-2708683d9ad9/element] with body: {"strategy":"accessibility id","selector":"Login button","context":"","multiple":false}
[38;5;48m[AndroidUiautomator2Driver@c54f (d7302db8)][0m Got response with status 200: {"sessionId":"60416aef-3367-4989-b482-2708683d9ad9","value":{"ELEMENT":"00000000-0000-0058-ffff-ffff000003da","element-6066-11e4-a52e-4f735466cecf":"00000000-0000-0058-ffff-ffff000003da"}}
[38;5;48m[AndroidUiautomator2Driver@c54f (d7302db8)][0m Responding to client with driver.findElement() result: {"element-6066-11e4-a52e-4f735466cecf":"00000000-0000-0058-ffff-ffff000003da","ELEMENT":"00000000-0000-0058-ffff-ffff000003da"}
[38;5;0m[HTTP][0m [37m<-- POST /session/d7302db8-2f3b-42ea-86fa-a0bfec770829/element [39m[32m200[39m [90m19 ms - 137[39m
[38;5;0m[HTTP][0m [90m[39m
[38;5;0m[HTTP][0m [37m-->[39m [37mPOST[39m [37m/session/d7302db8-2f3b-42ea-86fa-a0bfec770829/element/00000000-0000-0058-ffff-ffff000003da/click[39m
[38;5;0m[HTTP][0m [90m{}[39m
[38;5;48m[AndroidUiautomator2Driver@c54f (d7302db8)][0m Calling AppiumDriver.click() with args: ["00000000-0000-0058-ffff-ffff000003da","d7302db8-2f3b-42ea-86fa-a0bfec770829"]
[38;5;48m[AndroidUiautomator2Driver@c54f (d7302db8)][0m Matched '/element/00000000-0000-0058-ffff-ffff000003da/click' to command name 'click'
[38;5;48m[AndroidUiautomator2Driver@c54f (d7302db8)][0m Proxying [POST /element/00000000-0000-0058-ffff-ffff000003da/click] to [POST http://127.0.0.1:8201/session/60416aef-3367-4989-b482-2708683d9ad9/element/00000000-0000-0058-ffff-ffff000003da/click] with body: {"element":"00000000-0000-0058-ffff-ffff000003da"}
[38;5;48m[AndroidUiautomator2Driver@c54f (d7302db8)][0m Got response with status 200: {"sessionId":"60416aef-3367-4989-b482-2708683d9ad9","value":null}
[38;5;48m[AndroidUiautomator2Driver@c54f (d7302db8)][0m Responding to client with driver.click() result: null
[38;5;0m[HTTP][0m [37m<-- POST /session/d7302db8-2f3b-42ea-86fa-a0bfec770829/element/00000000-0000-0058-ffff-ffff000003da/click [39m[32m200[39m [90m623 ms - 14[39m
[38;5;0m[HTTP][0m [90m[39m
[38;5;0m[HTTP][0m [37m-->[39m [37mPOST[39m [37m/session/d7302db8-2f3b-42ea-86fa-a0bfec770829/element[39m
[38;5;0m[HTTP][0m [90m{"using":"xpath","value":"//android.widget.TextView[@text='Products']"}[39m
[38;5;48m[AndroidUiautomator2Driver@c54f (d7302db8)][0m Calling AppiumDriver.findElement() with args: ["xpath","//android.widget.TextView[@text='Products']","d7302db8-2f3b-42ea-86fa-a0bfec770829"]
[38;5;48m[AndroidUiautomator2Driver@c54f (d7302db8)][0m Valid locator strategies for this request: xpath, id, class name, accessibility id, css selector, -android uiautomator
[38;5;48m[AndroidUiautomator2Driver@c54f (d7302db8)][0m Waiting up to 0 ms for condition
[38;5;48m[AndroidUiautomator2Driver@c54f (d7302db8)][0m Matched '/element' to command name 'findElement'
[38;5;48m[AndroidUiautomator2Driver@c54f (d7302db8)][0m Proxying [POST /element] to [POST http://127.0.0.1:8201/session/60416aef-3367-4989-b482-2708683d9ad9/element] with body: {"strategy":"xpath","selector":"//android.widget.TextView[@text='Products']","context":"","multiple":false}
[38;5;48m[AndroidUiautomator2Driver@c54f (d7302db8)][0m Got response with status 200: {"sessionId":"60416aef-3367-4989-b482-2708683d9ad9","value":{"ELEMENT":"00000000-0000-0058-ffff-ffff0000002f","element-6066-11e4-a52e-4f735466cecf":"00000000-0000-0058-ffff-ffff0000002f"}}
[38;5;48m[AndroidUiautomator2Driver@c54f (d7302db8)][0m Responding to client with driver.findElement() result: {"element-6066-11e4-a52e-4f735466cecf":"00000000-0000-0058-ffff-ffff0000002f","ELEMENT":"00000000-0000-0058-ffff-ffff0000002f"}
[38;5;0m[HTTP][0m [37m<-- POST /session/d7302db8-2f3b-42ea-86fa-a0bfec770829/element [39m[32m200[39m [90m54 ms - 137[39m
[38;5;0m[HTTP][0m [90m[39m
[38;5;0m[HTTP][0m [37m-->[39m [37mGET[39m [37m/session/d7302db8-2f3b-42ea-86fa-a0bfec770829/element/00000000-0000-0058-ffff-ffff0000002f/displayed[39m
[38;5;0m[HTTP][0m [90m{}[39m
[38;5;48m[AndroidUiautomator2Driver@c54f (d7302db8)][0m Calling AppiumDriver.elementDisplayed() with args: ["00000000-0000-0058-ffff-ffff0000002f","d7302db8-2f3b-42ea-86fa-a0bfec770829"]
[38;5;48m[AndroidUiautomator2Driver@c54f (d7302db8)][0m Matched '/element/00000000-0000-0058-ffff-ffff0000002f/attribute/displayed' to command name 'getAttribute'
[38;5;48m[AndroidUiautomator2Driver@c54f (d7302db8)][0m Proxying [GET /element/00000000-0000-0058-ffff-ffff0000002f/attribute/displayed] to [GET http://127.0.0.1:8201/session/60416aef-3367-4989-b482-2708683d9ad9/element/00000000-0000-0058-ffff-ffff0000002f/attribute/displayed] with no body
[38;5;48m[AndroidUiautomator2Driver@c54f (d7302db8)][0m Got response with status 200: {"sessionId":"60416aef-3367-4989-b482-2708683d9ad9","value":"true"}
[38;5;48m[AndroidUiautomator2Driver@c54f (d7302db8)][0m Responding to client with driver.elementDisplayed() result: true
[38;5;0m[HTTP][0m [37m<-- GET /session/d7302db8-2f3b-42ea-86fa-a0bfec770829/element/00000000-0000-0058-ffff-ffff0000002f/displayed [39m[32m200[39m [90m8 ms - 14[39m
[38;5;0m[HTTP][0m [90m[39m
[38;5;0m[HTTP][0m [37m-->[39m [37mDELETE[39m [37m/session/d7302db8-2f3b-42ea-86fa-a0bfec770829[39m
[38;5;0m[HTTP][0m [90m{}[39m
[38;5;48m[AndroidUiautomator2Driver@c54f (d7302db8)][0m Calling AppiumDriver.deleteSession() with args: ["d7302db8-2f3b-42ea-86fa-a0bfec770829"]
[38;5;16m[AppiumDriver@1d2b][0m Event 'quitSessionRequested' logged at 1722367821960 (01:00:21 GMT+0530 (India Standard Time))
[38;5;16m[AppiumDriver@1d2b][0m Removing session d7302db8-2f3b-42ea-86fa-a0bfec770829 from our master session list
[38;5;48m[AndroidUiautomator2Driver@c54f (d7302db8)][0m Deleting UiAutomator2 session
[38;5;48m[AndroidUiautomator2Driver@c54f (d7302db8)][0m Deleting UiAutomator2 server session
[38;5;48m[AndroidUiautomator2Driver@c54f (d7302db8)][0m Matched '/' to command name 'deleteSession'
[38;5;48m[AndroidUiautomator2Driver@c54f (d7302db8)][0m Proxying [DELETE /] to [DELETE http://127.0.0.1:8201/session/60416aef-3367-4989-b482-2708683d9ad9] with no body
[38;5;48m[AndroidUiautomator2Driver@c54f (d7302db8)][0m Got response with status 200: {"sessionId":"60416aef-3367-4989-b482-2708683d9ad9","value":null}
[38;5;64m[ADB][0m Running '/Users/sonutitus/Library/Android/sdk/platform-tools/adb -P 5037 -s emulator-5554 shell dumpsys activity services io.appium.settings/.recorder.RecorderService'
[38;5;80m[Logcat][0m Stopping logcat capture
[38;5;64m[ADB][0m Removing forwarded port socket connection: 8201 
[38;5;64m[ADB][0m Running '/Users/sonutitus/Library/Android/sdk/platform-tools/adb -P 5037 -s emulator-5554 forward --remove tcp:8201'
[38;5;96m[Instrumentation][0m .
[38;5;96m[Instrumentation][0m Time: 15.045
[38;5;96m[Instrumentation][0m 
[38;5;96m[Instrumentation][0m OK (1 test)
[38;5;96m[Instrumentation][0m The process has exited with code 0
[38;5;48m[AndroidUiautomator2Driver@c54f (d7302db8)][0m Restoring hidden api policy to the device default configuration
[38;5;64m[ADB][0m Running '/Users/sonutitus/Library/Android/sdk/platform-tools/adb -P 5037 -s emulator-5554 shell 'settings delete global hidden_api_policy_pre_p_apps;settings delete global hidden_api_policy_p_apps;settings delete global hidden_api_policy''
[38;5;16m[AppiumDriver@1d2b][0m Event 'quitSessionFinished' logged at 1722367823503 (01:00:23 GMT+0530 (India Standard Time))
[38;5;16m[AppiumDriver@1d2b][0m Received response: null
[38;5;16m[AppiumDriver@1d2b][0m But deleting session, so not returning
[38;5;16m[AppiumDriver@1d2b][0m Responding to client with driver.deleteSession() result: null
[38;5;0m[HTTP][0m [37m<-- DELETE /session/d7302db8-2f3b-42ea-86fa-a0bfec770829 [39m[32m200[39m [90m1545 ms - 14[39m
[38;5;0m[HTTP][0m [90m[39m
[35m[Appium][39m Received SIGTERM - shutting down
[38;5;16m[AppiumDriver@1d2b][0m There are no active sessions for cleanup
[38;5;0m[HTTP][0m Waiting until the server is closed
[38;5;0m[HTTP][0m Received server close event
